INFO - 2024-09-03 05:16:52 --> Session: Class initialized using 'CodeIgniter\Session\Handlers\FileHandler' driver.
INFO - 2024-09-03 05:16:52 --> Session: Class initialized using 'CodeIgniter\Session\Handlers\FileHandler' driver.
INFO - 2024-09-03 05:16:58 --> Session: Class initialized using 'CodeIgniter\Session\Handlers\FileHandler' driver.
INFO - 2024-09-03 05:16:58 --> Session: Class initialized using 'CodeIgniter\Session\Handlers\FileHandler' driver.
INFO - 2024-09-03 05:16:58 --> admin (get) "/admin" from "http://sistemair:10/login" (IP: 127.0.0.1)
INFO - 2024-09-03 05:28:52 --> Session: Class initialized using 'CodeIgniter\Session\Handlers\FileHandler' driver.
INFO - 2024-09-03 05:28:52 --> admin (get) "/admin/sda_wilayah/pilih" from "http://sistemair:10/admin" (IP: 127.0.0.1)
INFO - 2024-09-03 07:53:50 --> Session: Class initialized using 'CodeIgniter\Session\Handlers\FileHandler' driver.
INFO - 2024-09-03 07:53:50 --> Session: Class initialized using 'CodeIgniter\Session\Handlers\FileHandler' driver.
INFO - 2024-09-03 07:53:56 --> Session: Class initialized using 'CodeIgniter\Session\Handlers\FileHandler' driver.
INFO - 2024-09-03 07:53:56 --> Session: Class initialized using 'CodeIgniter\Session\Handlers\FileHandler' driver.
INFO - 2024-09-03 07:53:56 --> admin (get) "/admin" from "http://sistemair:10/login" (IP: 127.0.0.1)
INFO - 2024-09-03 07:54:30 --> Session: Class initialized using 'CodeIgniter\Session\Handlers\FileHandler' driver.
INFO - 2024-09-03 07:54:30 --> admin (get) "/admin/sda_provinsi" from "http://sistemair:10/admin" (IP: 127.0.0.1)
CRITICAL - 2024-09-03 08:27:33 --> Too few arguments to function App\Controllers\Webgis::viewer(), 0 passed in C:\Users\ACER\OneDrive\Dokumen\_SKRIPSI\PROJECT\sistem-pusdatin-lampung\framework_sda\system\CodeIgniter.php on line 934 and exactly 1 expected
in APPPATH\Controllers\Webgis.php on line 40.
 1 SYSTEMPATH\CodeIgniter.php(934): App\Controllers\Webgis->viewer()
 2 SYSTEMPATH\CodeIgniter.php(499): CodeIgniter\CodeIgniter->runController(Object(App\Controllers\Webgis))
 3 SYSTEMPATH\CodeIgniter.php(368): CodeIgniter\CodeIgniter->handleRequest(null, Object(Config\Cache), false)
 4 FCPATH\index.php(67): CodeIgniter\CodeIgniter->run()
CRITICAL - 2024-09-03 08:27:40 --> Undefined variable: SDA_prov
in APPPATH\Views\view_publik\gis-viewer.php on line 2.
 1 APPPATH\Views\view_publik\gis-viewer.php(2): CodeIgniter\Debug\Exceptions->errorHandler(8, 'Undefined variable: SDA_prov', 'APPPATH\\Views\\view_publik\\gis-viewer.php', 2, [...])
 2 SYSTEMPATH\View\View.php(213): include('APPPATH\\Views\\view_publik\\gis-viewer.php')
 3 SYSTEMPATH\View\View.php(216): CodeIgniter\View\View->CodeIgniter\View\{closure}()
 4 SYSTEMPATH\Common.php(1184): CodeIgniter\View\View->render('view_publik/gis-viewer', [], true)
 5 APPPATH\Controllers\Webgis.php(51): view('view_publik/gis-viewer', [...])
 6 SYSTEMPATH\CodeIgniter.php(934): App\Controllers\Webgis->viewer('a')
 7 SYSTEMPATH\CodeIgniter.php(499): CodeIgniter\CodeIgniter->runController(Object(App\Controllers\Webgis))
 8 SYSTEMPATH\CodeIgniter.php(368): CodeIgniter\CodeIgniter->handleRequest(null, Object(Config\Cache), false)
 9 FCPATH\index.php(67): CodeIgniter\CodeIgniter->run()
CRITICAL - 2024-09-03 08:27:55 --> Undefined variable: kategori_now
in APPPATH\Views\view_publik\gis-viewer.php on line 58.
 1 APPPATH\Views\view_publik\gis-viewer.php(58): CodeIgniter\Debug\Exceptions->errorHandler(8, 'Undefined variable: kategori_now', 'APPPATH\\Views\\view_publik\\gis-viewer.php', 58, [...])
 2 SYSTEMPATH\View\View.php(213): include('APPPATH\\Views\\view_publik\\gis-viewer.php')
 3 SYSTEMPATH\View\View.php(216): CodeIgniter\View\View->CodeIgniter\View\{closure}()
 4 SYSTEMPATH\Common.php(1184): CodeIgniter\View\View->render('view_publik/gis-viewer', [], true)
 5 APPPATH\Controllers\Webgis.php(51): view('view_publik/gis-viewer', [...])
 6 SYSTEMPATH\CodeIgniter.php(934): App\Controllers\Webgis->viewer('a')
 7 SYSTEMPATH\CodeIgniter.php(499): CodeIgniter\CodeIgniter->runController(Object(App\Controllers\Webgis))
 8 SYSTEMPATH\CodeIgniter.php(368): CodeIgniter\CodeIgniter->handleRequest(null, Object(Config\Cache), false)
 9 FCPATH\index.php(67): CodeIgniter\CodeIgniter->run()
CRITICAL - 2024-09-03 08:28:13 --> Undefined variable: SDA_wilayah
in APPPATH\Views\view_publik\gis-viewer.php on line 168.
 1 APPPATH\Views\view_publik\gis-viewer.php(168): CodeIgniter\Debug\Exceptions->errorHandler(8, 'Undefined variable: SDA_wilayah', 'APPPATH\\Views\\view_publik\\gis-viewer.php', 168, [...])
 2 SYSTEMPATH\View\View.php(213): include('APPPATH\\Views\\view_publik\\gis-viewer.php')
 3 SYSTEMPATH\View\View.php(216): CodeIgniter\View\View->CodeIgniter\View\{closure}()
 4 SYSTEMPATH\Common.php(1184): CodeIgniter\View\View->render('view_publik/gis-viewer', [], true)
 5 APPPATH\Controllers\Webgis.php(51): view('view_publik/gis-viewer', [...])
 6 SYSTEMPATH\CodeIgniter.php(934): App\Controllers\Webgis->viewer('a')
 7 SYSTEMPATH\CodeIgniter.php(499): CodeIgniter\CodeIgniter->runController(Object(App\Controllers\Webgis))
 8 SYSTEMPATH\CodeIgniter.php(368): CodeIgniter\CodeIgniter->handleRequest(null, Object(Config\Cache), false)
 9 FCPATH\index.php(67): CodeIgniter\CodeIgniter->run()
CRITICAL - 2024-09-03 08:34:25 --> Undefined variable: sda_p
in APPPATH\Views\view_publik\gis-viewer.php on line 175.
 1 APPPATH\Views\view_publik\gis-viewer.php(175): CodeIgniter\Debug\Exceptions->errorHandler(8, 'Undefined variable: sda_p', 'APPPATH\\Views\\view_publik\\gis-viewer.php', 175, [...])
 2 SYSTEMPATH\View\View.php(213): include('APPPATH\\Views\\view_publik\\gis-viewer.php')
 3 SYSTEMPATH\View\View.php(216): CodeIgniter\View\View->CodeIgniter\View\{closure}()
 4 SYSTEMPATH\Common.php(1184): CodeIgniter\View\View->render('view_publik/gis-viewer', [], true)
 5 APPPATH\Controllers\Webgis.php(51): view('view_publik/gis-viewer', [...])
 6 SYSTEMPATH\CodeIgniter.php(934): App\Controllers\Webgis->viewer('a')
 7 SYSTEMPATH\CodeIgniter.php(499): CodeIgniter\CodeIgniter->runController(Object(App\Controllers\Webgis))
 8 SYSTEMPATH\CodeIgniter.php(368): CodeIgniter\CodeIgniter->handleRequest(null, Object(Config\Cache), false)
 9 FCPATH\index.php(67): CodeIgniter\CodeIgniter->run()
CRITICAL - 2024-09-03 08:34:57 --> Undefined variable: sda_p
in APPPATH\Views\view_publik\gis-viewer.php on line 203.
 1 APPPATH\Views\view_publik\gis-viewer.php(203): CodeIgniter\Debug\Exceptions->errorHandler(8, 'Undefined variable: sda_p', 'APPPATH\\Views\\view_publik\\gis-viewer.php', 203, [...])
 2 SYSTEMPATH\View\View.php(213): include('APPPATH\\Views\\view_publik\\gis-viewer.php')
 3 SYSTEMPATH\View\View.php(216): CodeIgniter\View\View->CodeIgniter\View\{closure}()
 4 SYSTEMPATH\Common.php(1184): CodeIgniter\View\View->render('view_publik/gis-viewer', [], true)
 5 APPPATH\Controllers\Webgis.php(51): view('view_publik/gis-viewer', [...])
 6 SYSTEMPATH\CodeIgniter.php(934): App\Controllers\Webgis->viewer('a')
 7 SYSTEMPATH\CodeIgniter.php(499): CodeIgniter\CodeIgniter->runController(Object(App\Controllers\Webgis))
 8 SYSTEMPATH\CodeIgniter.php(368): CodeIgniter\CodeIgniter->handleRequest(null, Object(Config\Cache), false)
 9 FCPATH\index.php(67): CodeIgniter\CodeIgniter->run()
CRITICAL - 2024-09-03 08:35:21 --> Undefined variable: sda_p
in APPPATH\Views\view_publik\gis-viewer.php on line 205.
 1 APPPATH\Views\view_publik\gis-viewer.php(205): CodeIgniter\Debug\Exceptions->errorHandler(8, 'Undefined variable: sda_p', 'APPPATH\\Views\\view_publik\\gis-viewer.php', 205, [...])
 2 SYSTEMPATH\View\View.php(213): include('APPPATH\\Views\\view_publik\\gis-viewer.php')
 3 SYSTEMPATH\View\View.php(216): CodeIgniter\View\View->CodeIgniter\View\{closure}()
 4 SYSTEMPATH\Common.php(1184): CodeIgniter\View\View->render('view_publik/gis-viewer', [], true)
 5 APPPATH\Controllers\Webgis.php(51): view('view_publik/gis-viewer', [...])
 6 SYSTEMPATH\CodeIgniter.php(934): App\Controllers\Webgis->viewer('a')
 7 SYSTEMPATH\CodeIgniter.php(499): CodeIgniter\CodeIgniter->runController(Object(App\Controllers\Webgis))
 8 SYSTEMPATH\CodeIgniter.php(368): CodeIgniter\CodeIgniter->handleRequest(null, Object(Config\Cache), false)
 9 FCPATH\index.php(67): CodeIgniter\CodeIgniter->run()
CRITICAL - 2024-09-03 08:35:57 --> Undefined variable: hitPetak
in APPPATH\Views\view_publik\gis-viewer.php on line 204.
 1 APPPATH\Views\view_publik\gis-viewer.php(204): CodeIgniter\Debug\Exceptions->errorHandler(8, 'Undefined variable: hitPetak', 'APPPATH\\Views\\view_publik\\gis-viewer.php', 204, [...])
 2 SYSTEMPATH\View\View.php(213): include('APPPATH\\Views\\view_publik\\gis-viewer.php')
 3 SYSTEMPATH\View\View.php(216): CodeIgniter\View\View->CodeIgniter\View\{closure}()
 4 SYSTEMPATH\Common.php(1184): CodeIgniter\View\View->render('view_publik/gis-viewer', [], true)
 5 APPPATH\Controllers\Webgis.php(51): view('view_publik/gis-viewer', [...])
 6 SYSTEMPATH\CodeIgniter.php(934): App\Controllers\Webgis->viewer('a')
 7 SYSTEMPATH\CodeIgniter.php(499): CodeIgniter\CodeIgniter->runController(Object(App\Controllers\Webgis))
 8 SYSTEMPATH\CodeIgniter.php(368): CodeIgniter\CodeIgniter->handleRequest(null, Object(Config\Cache), false)
 9 FCPATH\index.php(67): CodeIgniter\CodeIgniter->run()
CRITICAL - 2024-09-03 08:36:16 --> Undefined variable: sda_p
in APPPATH\Views\view_publik\gis-viewer.php on line 210.
 1 APPPATH\Views\view_publik\gis-viewer.php(210): CodeIgniter\Debug\Exceptions->errorHandler(8, 'Undefined variable: sda_p', 'APPPATH\\Views\\view_publik\\gis-viewer.php', 210, [...])
 2 SYSTEMPATH\View\View.php(213): include('APPPATH\\Views\\view_publik\\gis-viewer.php')
 3 SYSTEMPATH\View\View.php(216): CodeIgniter\View\View->CodeIgniter\View\{closure}()
 4 SYSTEMPATH\Common.php(1184): CodeIgniter\View\View->render('view_publik/gis-viewer', [], true)
 5 APPPATH\Controllers\Webgis.php(51): view('view_publik/gis-viewer', [...])
 6 SYSTEMPATH\CodeIgniter.php(934): App\Controllers\Webgis->viewer('a')
 7 SYSTEMPATH\CodeIgniter.php(499): CodeIgniter\CodeIgniter->runController(Object(App\Controllers\Webgis))
 8 SYSTEMPATH\CodeIgniter.php(368): CodeIgniter\CodeIgniter->handleRequest(null, Object(Config\Cache), false)
 9 FCPATH\index.php(67): CodeIgniter\CodeIgniter->run()
CRITICAL - 2024-09-03 08:41:10 --> Undefined variable: data_gis
in APPPATH\Views\view_publik\gis-viewer.php on line 2.
 1 APPPATH\Views\view_publik\gis-viewer.php(2): CodeIgniter\Debug\Exceptions->errorHandler(8, 'Undefined variable: data_gis', 'APPPATH\\Views\\view_publik\\gis-viewer.php', 2, [...])
 2 SYSTEMPATH\View\View.php(213): include('APPPATH\\Views\\view_publik\\gis-viewer.php')
 3 SYSTEMPATH\View\View.php(216): CodeIgniter\View\View->CodeIgniter\View\{closure}()
 4 SYSTEMPATH\Common.php(1184): CodeIgniter\View\View->render('view_publik/gis-viewer', [], true)
 5 APPPATH\Controllers\Webgis.php(51): view('view_publik/gis-viewer', [...])
 6 SYSTEMPATH\CodeIgniter.php(934): App\Controllers\Webgis->viewer('a')
 7 SYSTEMPATH\CodeIgniter.php(499): CodeIgniter\CodeIgniter->runController(Object(App\Controllers\Webgis))
 8 SYSTEMPATH\CodeIgniter.php(368): CodeIgniter\CodeIgniter->handleRequest(null, Object(Config\Cache), false)
 9 FCPATH\index.php(67): CodeIgniter\CodeIgniter->run()
INFO - 2024-09-03 09:04:16 --> Session: Class initialized using 'CodeIgniter\Session\Handlers\FileHandler' driver.
INFO - 2024-09-03 09:04:16 --> admin (get) "/admin/sda_provinsi" from "http://sistemair:10/admin" (IP: 127.0.0.1)
INFO - 2024-09-03 09:04:47 --> Session: Class initialized using 'CodeIgniter\Session\Handlers\FileHandler' driver.
INFO - 2024-09-03 09:04:47 --> admin (get) "/admin/sda_provinsi" from "http://sistemair:10/admin" (IP: 127.0.0.1)
INFO - 2024-09-03 09:04:54 --> Session: Class initialized using 'CodeIgniter\Session\Handlers\FileHandler' driver.
INFO - 2024-09-03 09:04:54 --> admin (get) "/admin/sda_provinsi" from "http://sistemair:10/admin" (IP: 127.0.0.1)
INFO - 2024-09-03 09:05:35 --> Session: Class initialized using 'CodeIgniter\Session\Handlers\FileHandler' driver.
INFO - 2024-09-03 09:05:35 --> admin (get) "/admin/sda_provinsi" from "http://sistemair:10/admin" (IP: 127.0.0.1)
INFO - 2024-09-03 09:05:55 --> Session: Class initialized using 'CodeIgniter\Session\Handlers\FileHandler' driver.
INFO - 2024-09-03 09:05:55 --> admin (get) "/admin/sda_provinsi" from "http://sistemair:10/admin" (IP: 127.0.0.1)
INFO - 2024-09-03 09:06:01 --> Session: Class initialized using 'CodeIgniter\Session\Handlers\FileHandler' driver.
INFO - 2024-09-03 09:06:01 --> admin (get) "/admin/sda_provinsi" from "http://sistemair:10/admin" (IP: 127.0.0.1)
INFO - 2024-09-03 09:15:54 --> Session: Class initialized using 'CodeIgniter\Session\Handlers\FileHandler' driver.
INFO - 2024-09-03 09:15:54 --> admin (get) "/admin/sda_provinsi" from "http://sistemair:10/admin" (IP: 127.0.0.1)
INFO - 2024-09-03 09:16:14 --> Session: Class initialized using 'CodeIgniter\Session\Handlers\FileHandler' driver.
INFO - 2024-09-03 09:16:14 --> admin (get) "/admin/sda_provinsi" from "http://sistemair:10/admin" (IP: 127.0.0.1)
INFO - 2024-09-03 09:33:18 --> Session: Class initialized using 'CodeIgniter\Session\Handlers\FileHandler' driver.
INFO - 2024-09-03 09:33:18 --> admin (get) "/admin/sda_provinsi" from "http://sistemair:10/admin" (IP: 127.0.0.1)
INFO - 2024-09-03 09:34:52 --> Session: Class initialized using 'CodeIgniter\Session\Handlers\FileHandler' driver.
INFO - 2024-09-03 09:34:52 --> admin (get) "/admin/sda_provinsi" from "http://sistemair:10/admin" (IP: 127.0.0.1)
INFO - 2024-09-03 09:43:19 --> Session: Class initialized using 'CodeIgniter\Session\Handlers\FileHandler' driver.
INFO - 2024-09-03 09:43:19 --> admin (get) "/admin/sda_provinsi" from "http://sistemair:10/admin" (IP: 127.0.0.1)
INFO - 2024-09-03 09:43:31 --> Session: Class initialized using 'CodeIgniter\Session\Handlers\FileHandler' driver.
INFO - 2024-09-03 09:43:31 --> admin (get) "/admin/sda_provinsi" from "http://sistemair:10/admin" (IP: 127.0.0.1)
INFO - 2024-09-03 09:44:48 --> Session: Class initialized using 'CodeIgniter\Session\Handlers\FileHandler' driver.
INFO - 2024-09-03 09:44:48 --> admin (get) "/admin/sda_provinsi" from "http://sistemair:10/admin" (IP: 127.0.0.1)
CRITICAL - 2024-09-03 09:44:53 --> file_get_contents(C:\Users\ACER\OneDrive\Dokumen\_SKRIPSI\PROJECT\sistem-pusdatin-lampung\uploads): failed to open stream: Permission denied
in APPPATH\Controllers\Webgis.php on line 45.
 1 [internal function]: CodeIgniter\Debug\Exceptions->errorHandler(2, 'file_get_contents(C:\\Users\\ACER\\OneDrive\\Dokumen\\_SKRIPSI\\PROJECT\\sistem-pusdatin-lampung\\uploads): failed to open stream: Permission denied', 'APPPATH\\Controllers\\Webgis.php', 45, [...])
 2 APPPATH\Controllers\Webgis.php(45): file_get_contents('FCPATH\\uploads')
 3 SYSTEMPATH\CodeIgniter.php(934): App\Controllers\Webgis->viewer('FCPATH\\uploads', 'sda_provinsi', 'ID12_Petak_20240707-054657.kml')
 4 SYSTEMPATH\CodeIgniter.php(499): CodeIgniter\CodeIgniter->runController(Object(App\Controllers\Webgis))
 5 SYSTEMPATH\CodeIgniter.php(368): CodeIgniter\CodeIgniter->handleRequest(null, Object(Config\Cache), false)
 6 FCPATH\index.php(67): CodeIgniter\CodeIgniter->run()
INFO - 2024-09-03 09:47:14 --> Session: Class initialized using 'CodeIgniter\Session\Handlers\FileHandler' driver.
INFO - 2024-09-03 09:47:14 --> admin (get) "/admin/sda_provinsi" from "http://sistemair:10/admin" (IP: 127.0.0.1)
CRITICAL - 2024-09-03 09:47:18 --> Undefined variable: gis
in APPPATH\Controllers\Webgis.php on line 46.
 1 APPPATH\Controllers\Webgis.php(46): CodeIgniter\Debug\Exceptions->errorHandler(8, 'Undefined variable: gis', 'APPPATH\\Controllers\\Webgis.php', 46, [...])
 2 SYSTEMPATH\CodeIgniter.php(934): App\Controllers\Webgis->viewer()
 3 SYSTEMPATH\CodeIgniter.php(499): CodeIgniter\CodeIgniter->runController(Object(App\Controllers\Webgis))
 4 SYSTEMPATH\CodeIgniter.php(368): CodeIgniter\CodeIgniter->handleRequest(null, Object(Config\Cache), false)
 5 FCPATH\index.php(67): CodeIgniter\CodeIgniter->run()
INFO - 2024-09-03 09:49:10 --> Session: Class initialized using 'CodeIgniter\Session\Handlers\FileHandler' driver.
INFO - 2024-09-03 09:49:10 --> admin (get) "/admin/sda_provinsi" from "http://sistemair:10/admin" (IP: 127.0.0.1)
CRITICAL - 2024-09-03 09:51:06 --> file_get_contents(): Filename cannot be empty
in APPPATH\Views\view_publik\gis-viewer.php on line 207.
 1 [internal function]: CodeIgniter\Debug\Exceptions->errorHandler(2, 'file_get_contents(): Filename cannot be empty', 'APPPATH\\Views\\view_publik\\gis-viewer.php', 207, [...])
 2 APPPATH\Views\view_publik\gis-viewer.php(207): file_get_contents('C:\\Users\\ACER\\OneDrive\\Dokumen\\_SKRIPSI\\PROJECT\\sistem-pusdatin-lampung')
 3 SYSTEMPATH\View\View.php(213): include('APPPATH\\Views\\view_publik\\gis-viewer.php')
 4 SYSTEMPATH\View\View.php(216): CodeIgniter\View\View->CodeIgniter\View\{closure}()
 5 SYSTEMPATH\Common.php(1184): CodeIgniter\View\View->render('view_publik/gis-viewer', [], true)
 6 APPPATH\Controllers\Webgis.php(54): view('view_publik/gis-viewer', [...])
 7 SYSTEMPATH\CodeIgniter.php(934): App\Controllers\Webgis->viewer()
 8 SYSTEMPATH\CodeIgniter.php(499): CodeIgniter\CodeIgniter->runController(Object(App\Controllers\Webgis))
 9 SYSTEMPATH\CodeIgniter.php(368): CodeIgniter\CodeIgniter->handleRequest(null, Object(Config\Cache), false)
10 FCPATH\index.php(67): CodeIgniter\CodeIgniter->run()
INFO - 2024-09-03 09:51:32 --> Session: Class initialized using 'CodeIgniter\Session\Handlers\FileHandler' driver.
INFO - 2024-09-03 09:51:33 --> admin (get) "/admin/sda_provinsi" from "http://sistemair:10/admin" (IP: 127.0.0.1)
CRITICAL - 2024-09-03 09:54:40 --> Undefined variable: sda_p
in APPPATH\Views\view_publik\gis-viewer.php on line 191.
 1 APPPATH\Views\view_publik\gis-viewer.php(191): CodeIgniter\Debug\Exceptions->errorHandler(8, 'Undefined variable: sda_p', 'APPPATH\\Views\\view_publik\\gis-viewer.php', 191, [...])
 2 SYSTEMPATH\View\View.php(213): include('APPPATH\\Views\\view_publik\\gis-viewer.php')
 3 SYSTEMPATH\View\View.php(216): CodeIgniter\View\View->CodeIgniter\View\{closure}()
 4 SYSTEMPATH\Common.php(1184): CodeIgniter\View\View->render('view_publik/gis-viewer', [], true)
 5 APPPATH\Controllers\Webgis.php(54): view('view_publik/gis-viewer', [...])
 6 SYSTEMPATH\CodeIgniter.php(934): App\Controllers\Webgis->viewer()
 7 SYSTEMPATH\CodeIgniter.php(499): CodeIgniter\CodeIgniter->runController(Object(App\Controllers\Webgis))
 8 SYSTEMPATH\CodeIgniter.php(368): CodeIgniter\CodeIgniter->handleRequest(null, Object(Config\Cache), false)
 9 FCPATH\index.php(67): CodeIgniter\CodeIgniter->run()
INFO - 2024-09-03 10:23:56 --> Session: Class initialized using 'CodeIgniter\Session\Handlers\FileHandler' driver.
INFO - 2024-09-03 10:23:57 --> admin (get) "/admin/sda_provinsi" from "http://sistemair:10/admin" (IP: 127.0.0.1)
CRITICAL - 2024-09-03 10:29:10 --> Illegal offset type
in APPPATH\Views\view_publik\gis-viewer.php on line 55.
 1 APPPATH\Views\view_publik\gis-viewer.php(55): CodeIgniter\Debug\Exceptions->errorHandler(2, 'Illegal offset type', 'APPPATH\\Views\\view_publik\\gis-viewer.php', 55, [...])
 2 SYSTEMPATH\View\View.php(213): include('APPPATH\\Views\\view_publik\\gis-viewer.php')
 3 SYSTEMPATH\View\View.php(216): CodeIgniter\View\View->CodeIgniter\View\{closure}()
 4 SYSTEMPATH\Common.php(1184): CodeIgniter\View\View->render('view_publik/gis-viewer', [], true)
 5 APPPATH\Controllers\Webgis.php(54): view('view_publik/gis-viewer', [...])
 6 SYSTEMPATH\CodeIgniter.php(934): App\Controllers\Webgis->viewer()
 7 SYSTEMPATH\CodeIgniter.php(499): CodeIgniter\CodeIgniter->runController(Object(App\Controllers\Webgis))
 8 SYSTEMPATH\CodeIgniter.php(368): CodeIgniter\CodeIgniter->handleRequest(null, Object(Config\Cache), false)
 9 FCPATH\index.php(67): CodeIgniter\CodeIgniter->run()
CRITICAL - 2024-09-03 10:29:21 --> Unsupported operand types
in APPPATH\Views\view_publik\gis-viewer.php on line 55.
 1 SYSTEMPATH\View\View.php(213): include()
 2 SYSTEMPATH\View\View.php(216): CodeIgniter\View\View->CodeIgniter\View\{closure}()
 3 SYSTEMPATH\Common.php(1184): CodeIgniter\View\View->render('view_publik/gis-viewer', [], true)
 4 APPPATH\Controllers\Webgis.php(54): view('view_publik/gis-viewer', [...])
 5 SYSTEMPATH\CodeIgniter.php(934): App\Controllers\Webgis->viewer()
 6 SYSTEMPATH\CodeIgniter.php(499): CodeIgniter\CodeIgniter->runController(Object(App\Controllers\Webgis))
 7 SYSTEMPATH\CodeIgniter.php(368): CodeIgniter\CodeIgniter->handleRequest(null, Object(Config\Cache), false)
 8 FCPATH\index.php(67): CodeIgniter\CodeIgniter->run()
CRITICAL - 2024-09-03 10:29:46 --> Unsupported operand types
in APPPATH\Views\view_publik\gis-viewer.php on line 4.
 1 SYSTEMPATH\View\View.php(213): include()
 2 SYSTEMPATH\View\View.php(216): CodeIgniter\View\View->CodeIgniter\View\{closure}()
 3 SYSTEMPATH\Common.php(1184): CodeIgniter\View\View->render('view_publik/gis-viewer', [], true)
 4 APPPATH\Controllers\Webgis.php(54): view('view_publik/gis-viewer', [...])
 5 SYSTEMPATH\CodeIgniter.php(934): App\Controllers\Webgis->viewer()
 6 SYSTEMPATH\CodeIgniter.php(499): CodeIgniter\CodeIgniter->runController(Object(App\Controllers\Webgis))
 7 SYSTEMPATH\CodeIgniter.php(368): CodeIgniter\CodeIgniter->handleRequest(null, Object(Config\Cache), false)
 8 FCPATH\index.php(67): CodeIgniter\CodeIgniter->run()
INFO - 2024-09-03 10:33:51 --> Session: Class initialized using 'CodeIgniter\Session\Handlers\FileHandler' driver.
INFO - 2024-09-03 10:33:51 --> admin (get) "/admin/sda_provinsi" from "http://sistemair:10/admin" (IP: 127.0.0.1)
INFO - 2024-09-03 10:37:17 --> Session: Class initialized using 'CodeIgniter\Session\Handlers\FileHandler' driver.
INFO - 2024-09-03 10:37:17 --> admin (get) "/admin/sda_provinsi" from "http://sistemair:10/admin" (IP: 127.0.0.1)
INFO - 2024-09-03 10:37:27 --> Session: Class initialized using 'CodeIgniter\Session\Handlers\FileHandler' driver.
INFO - 2024-09-03 10:37:27 --> admin (get) "/admin/sda_provinsi" from "http://sistemair:10/admin" (IP: 127.0.0.1)
INFO - 2024-09-03 10:38:16 --> Session: Class initialized using 'CodeIgniter\Session\Handlers\FileHandler' driver.
INFO - 2024-09-03 10:38:16 --> admin (get) "/admin/sda_provinsi" from "http://sistemair:10/admin" (IP: 127.0.0.1)
INFO - 2024-09-03 10:39:40 --> Session: Class initialized using 'CodeIgniter\Session\Handlers\FileHandler' driver.
INFO - 2024-09-03 10:39:40 --> admin (get) "/admin/sda_provinsi" from "http://sistemair:10/admin" (IP: 127.0.0.1)
