CRITICAL - 2023-06-10 02:33:44 --> Undefined property: stdClass::$kode
in APPPATH\Controllers\Admin.php on line 23.
 1 APPPATH\Controllers\Admin.php(23): CodeIgniter\Debug\Exceptions->errorHandler(8, 'Undefined property: stdClass::$kode', 'APPPATH\\Controllers\\Admin.php', 23, [...])
 2 SYSTEMPATH\CodeIgniter.php(934): App\Controllers\Admin->index()
 3 SYSTEMPATH\CodeIgniter.php(499): CodeIgniter\CodeIgniter->runController(Object(App\Controllers\Admin))
 4 SYSTEMPATH\CodeIgniter.php(368): CodeIgniter\CodeIgniter->handleRequest(null, Object(Config\Cache), false)
 5 FCPATH\index.php(67): CodeIgniter\CodeIgniter->run()
CRITICAL - 2023-06-10 06:00:40 --> Request URI segment is out of range: "1"
in SYSTEMPATH\HTTP\URI.php on line 549.
 1 SYSTEMPATH\HTTP\URI.php(549): CodeIgniter\HTTP\Exceptions\HTTPException::forURISegmentOutOfRange(1)
 2 APPPATH\Views\view_publik\frame\p_layout.php(27): CodeIgniter\HTTP\URI->getSegment(1)
 3 SYSTEMPATH\View\View.php(213): include('APPPATH\\Views\\view_publik\\frame\\p_layout.php')
 4 SYSTEMPATH\View\View.php(216): CodeIgniter\View\View->CodeIgniter\View\{closure}()
 5 SYSTEMPATH\View\View.php(229): CodeIgniter\View\View->render('view_publik/frame/p_layout', [], true)
 6 SYSTEMPATH\Common.php(1184): CodeIgniter\View\View->render('view_publik/beranda', [], true)
 7 APPPATH\Controllers\Publik.php(13): view('view_publik/beranda', [...])
 8 SYSTEMPATH\CodeIgniter.php(934): App\Controllers\Publik->index()
 9 SYSTEMPATH\CodeIgniter.php(499): CodeIgniter\CodeIgniter->runController(Object(App\Controllers\Publik))
10 SYSTEMPATH\CodeIgniter.php(368): CodeIgniter\CodeIgniter->handleRequest(null, Object(Config\Cache), false)
11 FCPATH\index.php(67): CodeIgniter\CodeIgniter->run()
CRITICAL - 2023-06-10 07:09:27 --> Undefined variable: library
in APPPATH\Views\view_admin\frame\a_layout.php on line 32.
 1 APPPATH\Views\view_admin\frame\a_layout.php(32): CodeIgniter\Debug\Exceptions->errorHandler(8, 'Undefined variable: library', 'APPPATH\\Views\\view_admin\\frame\\a_layout.php', 32, [...])
 2 SYSTEMPATH\View\View.php(213): include('APPPATH\\Views\\view_admin\\frame\\a_layout.php')
 3 SYSTEMPATH\View\View.php(216): CodeIgniter\View\View->CodeIgniter\View\{closure}()
 4 SYSTEMPATH\View\View.php(229): CodeIgniter\View\View->render('view_admin/frame/a_layout', [], true)
 5 SYSTEMPATH\Common.php(1184): CodeIgniter\View\View->render('view_admin/kelola_akun/tabel_akun', [], true)
 6 APPPATH\Controllers\Admin.php(49): view('view_admin/kelola_akun/tabel_akun', [...])
 7 SYSTEMPATH\CodeIgniter.php(934): App\Controllers\Admin->kelola_akun()
 8 SYSTEMPATH\CodeIgniter.php(499): CodeIgniter\CodeIgniter->runController(Object(App\Controllers\Admin))
 9 SYSTEMPATH\CodeIgniter.php(368): CodeIgniter\CodeIgniter->handleRequest(null, Object(Config\Cache), false)
10 FCPATH\index.php(67): CodeIgniter\CodeIgniter->run()
