INFO - 2023-09-18 02:17:16 --> Session: Class initialized using 'CodeIgniter\Session\Handlers\FileHandler' driver.
INFO - 2023-09-18 02:17:16 --> Session: Class initialized using 'CodeIgniter\Session\Handlers\FileHandler' driver.
INFO - 2023-09-18 02:17:22 --> Session: Class initialized using 'CodeIgniter\Session\Handlers\FileHandler' driver.
INFO - 2023-09-18 02:17:22 --> Session: Class initialized using 'CodeIgniter\Session\Handlers\FileHandler' driver.
INFO - 2023-09-18 02:19:24 --> Session: Class initialized using 'CodeIgniter\Session\Handlers\FileHandler' driver.
INFO - 2023-09-18 02:19:48 --> Session: Class initialized using 'CodeIgniter\Session\Handlers\FileHandler' driver.
INFO - 2023-09-18 02:19:52 --> Session: Class initialized using 'CodeIgniter\Session\Handlers\FileHandler' driver.
INFO - 2023-09-18 02:19:53 --> Session: Class initialized using 'CodeIgniter\Session\Handlers\FileHandler' driver.
INFO - 2023-09-18 02:19:57 --> Session: Class initialized using 'CodeIgniter\Session\Handlers\FileHandler' driver.
INFO - 2023-09-18 02:20:03 --> Session: Class initialized using 'CodeIgniter\Session\Handlers\FileHandler' driver.
INFO - 2023-09-18 02:20:13 --> Session: Class initialized using 'CodeIgniter\Session\Handlers\FileHandler' driver.
INFO - 2023-09-18 02:20:26 --> Session: Class initialized using 'CodeIgniter\Session\Handlers\FileHandler' driver.
INFO - 2023-09-18 02:20:31 --> Session: Class initialized using 'CodeIgniter\Session\Handlers\FileHandler' driver.
INFO - 2023-09-18 02:20:33 --> Session: Class initialized using 'CodeIgniter\Session\Handlers\FileHandler' driver.
INFO - 2023-09-18 02:20:36 --> Session: Class initialized using 'CodeIgniter\Session\Handlers\FileHandler' driver.
INFO - 2023-09-18 02:20:37 --> Session: Class initialized using 'CodeIgniter\Session\Handlers\FileHandler' driver.
INFO - 2023-09-18 02:20:39 --> Session: Class initialized using 'CodeIgniter\Session\Handlers\FileHandler' driver.
INFO - 2023-09-18 02:20:41 --> Session: Class initialized using 'CodeIgniter\Session\Handlers\FileHandler' driver.
CRITICAL - 2023-09-18 02:43:04 --> Undefined variable: data_kab
in APPPATH\Controllers\Publik.php on line 54.
 1 APPPATH\Controllers\Publik.php(54): CodeIgniter\Debug\Exceptions->errorHandler(8, 'Undefined variable: data_kab', 'APPPATH\\Controllers\\Publik.php', 54, [...])
 2 SYSTEMPATH\CodeIgniter.php(934): App\Controllers\Publik->data_provinsi()
 3 SYSTEMPATH\CodeIgniter.php(499): CodeIgniter\CodeIgniter->runController(Object(App\Controllers\Publik))
 4 SYSTEMPATH\CodeIgniter.php(368): CodeIgniter\CodeIgniter->handleRequest(null, Object(Config\Cache), false)
 5 FCPATH\index.php(67): CodeIgniter\CodeIgniter->run()
INFO - 2023-09-18 04:25:30 --> Session: Class initialized using 'CodeIgniter\Session\Handlers\FileHandler' driver.
INFO - 2023-09-18 04:25:30 --> Session: Class initialized using 'CodeIgniter\Session\Handlers\FileHandler' driver.
INFO - 2023-09-18 04:25:38 --> Session: Class initialized using 'CodeIgniter\Session\Handlers\FileHandler' driver.
INFO - 2023-09-18 04:25:38 --> Session: Class initialized using 'CodeIgniter\Session\Handlers\FileHandler' driver.
CRITICAL - 2023-09-18 05:18:35 --> Undefined variable: data_kat
in APPPATH\Views\view_publik\beranda.php on line 217.
 1 APPPATH\Views\view_publik\beranda.php(217): CodeIgniter\Debug\Exceptions->errorHandler(8, 'Undefined variable: data_kat', 'APPPATH\\Views\\view_publik\\beranda.php', 217, [...])
 2 SYSTEMPATH\View\View.php(213): include('APPPATH\\Views\\view_publik\\beranda.php')
 3 SYSTEMPATH\View\View.php(216): CodeIgniter\View\View->CodeIgniter\View\{closure}()
 4 SYSTEMPATH\Common.php(1184): CodeIgniter\View\View->render('view_publik/beranda', [], true)
 5 APPPATH\Controllers\Publik.php(32): view('view_publik/beranda', [...])
 6 SYSTEMPATH\CodeIgniter.php(934): App\Controllers\Publik->index()
 7 SYSTEMPATH\CodeIgniter.php(499): CodeIgniter\CodeIgniter->runController(Object(App\Controllers\Publik))
 8 SYSTEMPATH\CodeIgniter.php(368): CodeIgniter\CodeIgniter->handleRequest(null, Object(Config\Cache), false)
 9 FCPATH\index.php(67): CodeIgniter\CodeIgniter->run()
INFO - 2023-09-18 05:50:11 --> Session: Class initialized using 'CodeIgniter\Session\Handlers\FileHandler' driver.
INFO - 2023-09-18 05:50:13 --> Session: Class initialized using 'CodeIgniter\Session\Handlers\FileHandler' driver.
INFO - 2023-09-18 05:50:34 --> Session: Class initialized using 'CodeIgniter\Session\Handlers\FileHandler' driver.
INFO - 2023-09-18 05:50:35 --> Session: Class initialized using 'CodeIgniter\Session\Handlers\FileHandler' driver.
INFO - 2023-09-18 05:53:22 --> Session: Class initialized using 'CodeIgniter\Session\Handlers\FileHandler' driver.
INFO - 2023-09-18 05:53:40 --> Session: Class initialized using 'CodeIgniter\Session\Handlers\FileHandler' driver.
INFO - 2023-09-18 05:53:51 --> Session: Class initialized using 'CodeIgniter\Session\Handlers\FileHandler' driver.
INFO - 2023-09-18 06:02:30 --> Session: Class initialized using 'CodeIgniter\Session\Handlers\FileHandler' driver.
INFO - 2023-09-18 06:02:38 --> Session: Class initialized using 'CodeIgniter\Session\Handlers\FileHandler' driver.
INFO - 2023-09-18 11:27:09 --> Session: Class initialized using 'CodeIgniter\Session\Handlers\FileHandler' driver.
INFO - 2023-09-18 11:27:09 --> Session: Class initialized using 'CodeIgniter\Session\Handlers\FileHandler' driver.
INFO - 2023-09-18 11:27:14 --> Session: Class initialized using 'CodeIgniter\Session\Handlers\FileHandler' driver.
INFO - 2023-09-18 11:27:14 --> Session: Class initialized using 'CodeIgniter\Session\Handlers\FileHandler' driver.
INFO - 2023-09-18 11:39:18 --> Session: Class initialized using 'CodeIgniter\Session\Handlers\FileHandler' driver.
INFO - 2023-09-18 11:39:27 --> Session: Class initialized using 'CodeIgniter\Session\Handlers\FileHandler' driver.
INFO - 2023-09-18 11:39:30 --> Session: Class initialized using 'CodeIgniter\Session\Handlers\FileHandler' driver.
INFO - 2023-09-18 11:39:38 --> Session: Class initialized using 'CodeIgniter\Session\Handlers\FileHandler' driver.
INFO - 2023-09-18 11:40:25 --> Session: Class initialized using 'CodeIgniter\Session\Handlers\FileHandler' driver.
INFO - 2023-09-18 11:40:26 --> Session: Class initialized using 'CodeIgniter\Session\Handlers\FileHandler' driver.
INFO - 2023-09-18 11:44:33 --> Session: Class initialized using 'CodeIgniter\Session\Handlers\FileHandler' driver.
INFO - 2023-09-18 11:44:37 --> Session: Class initialized using 'CodeIgniter\Session\Handlers\FileHandler' driver.
INFO - 2023-09-18 11:44:52 --> Session: Class initialized using 'CodeIgniter\Session\Handlers\FileHandler' driver.
INFO - 2023-09-18 11:44:53 --> Session: Class initialized using 'CodeIgniter\Session\Handlers\FileHandler' driver.
CRITICAL - 2023-09-18 11:44:53 --> Call to a member function first() on array
in APPPATH\Controllers\Admin.php on line 57.
 1 SYSTEMPATH\CodeIgniter.php(934): App\Controllers\Admin->profil_sistem()
 2 SYSTEMPATH\CodeIgniter.php(499): CodeIgniter\CodeIgniter->runController(Object(App\Controllers\Admin))
 3 SYSTEMPATH\CodeIgniter.php(368): CodeIgniter\CodeIgniter->handleRequest(null, Object(Config\Cache), false)
 4 FCPATH\index.php(67): CodeIgniter\CodeIgniter->run()
INFO - 2023-09-18 11:46:37 --> Session: Class initialized using 'CodeIgniter\Session\Handlers\FileHandler' driver.
CRITICAL - 2023-09-18 11:46:37 --> Undefined variable: kota
in APPPATH\Views\view_admin\profil_sistem.php on line 45.
 1 APPPATH\Views\view_admin\profil_sistem.php(45): CodeIgniter\Debug\Exceptions->errorHandler(8, 'Undefined variable: kota', 'APPPATH\\Views\\view_admin\\profil_sistem.php', 45, [...])
 2 SYSTEMPATH\View\View.php(213): include('APPPATH\\Views\\view_admin\\profil_sistem.php')
 3 SYSTEMPATH\View\View.php(216): CodeIgniter\View\View->CodeIgniter\View\{closure}()
 4 SYSTEMPATH\Common.php(1184): CodeIgniter\View\View->render('view_admin/profil_sistem', [], true)
 5 APPPATH\Controllers\Admin.php(62): view('view_admin/profil_sistem', [...])
 6 SYSTEMPATH\CodeIgniter.php(934): App\Controllers\Admin->profil_sistem()
 7 SYSTEMPATH\CodeIgniter.php(499): CodeIgniter\CodeIgniter->runController(Object(App\Controllers\Admin))
 8 SYSTEMPATH\CodeIgniter.php(368): CodeIgniter\CodeIgniter->handleRequest(null, Object(Config\Cache), false)
 9 FCPATH\index.php(67): CodeIgniter\CodeIgniter->run()
INFO - 2023-09-18 11:47:12 --> Session: Class initialized using 'CodeIgniter\Session\Handlers\FileHandler' driver.
INFO - 2023-09-18 11:47:37 --> Session: Class initialized using 'CodeIgniter\Session\Handlers\FileHandler' driver.
INFO - 2023-09-18 11:48:10 --> Session: Class initialized using 'CodeIgniter\Session\Handlers\FileHandler' driver.
INFO - 2023-09-18 11:48:12 --> Session: Class initialized using 'CodeIgniter\Session\Handlers\FileHandler' driver.
INFO - 2023-09-18 11:48:13 --> Session: Class initialized using 'CodeIgniter\Session\Handlers\FileHandler' driver.
INFO - 2023-09-18 11:48:14 --> Session: Class initialized using 'CodeIgniter\Session\Handlers\FileHandler' driver.
INFO - 2023-09-18 11:48:19 --> Session: Class initialized using 'CodeIgniter\Session\Handlers\FileHandler' driver.
INFO - 2023-09-18 11:48:23 --> Session: Class initialized using 'CodeIgniter\Session\Handlers\FileHandler' driver.
INFO - 2023-09-18 11:48:23 --> Session: Class initialized using 'CodeIgniter\Session\Handlers\FileHandler' driver.
INFO - 2023-09-18 11:48:26 --> Session: Class initialized using 'CodeIgniter\Session\Handlers\FileHandler' driver.
INFO - 2023-09-18 11:48:27 --> Session: Class initialized using 'CodeIgniter\Session\Handlers\FileHandler' driver.
INFO - 2023-09-18 11:48:29 --> Session: Class initialized using 'CodeIgniter\Session\Handlers\FileHandler' driver.
INFO - 2023-09-18 11:48:32 --> Session: Class initialized using 'CodeIgniter\Session\Handlers\FileHandler' driver.
INFO - 2023-09-18 11:48:33 --> Session: Class initialized using 'CodeIgniter\Session\Handlers\FileHandler' driver.
INFO - 2023-09-18 11:48:36 --> Session: Class initialized using 'CodeIgniter\Session\Handlers\FileHandler' driver.
INFO - 2023-09-18 11:50:08 --> Session: Class initialized using 'CodeIgniter\Session\Handlers\FileHandler' driver.
INFO - 2023-09-18 11:50:09 --> Session: Class initialized using 'CodeIgniter\Session\Handlers\FileHandler' driver.
INFO - 2023-09-18 11:50:16 --> Session: Class initialized using 'CodeIgniter\Session\Handlers\FileHandler' driver.
INFO - 2023-09-18 11:52:45 --> Session: Class initialized using 'CodeIgniter\Session\Handlers\FileHandler' driver.
INFO - 2023-09-18 11:54:18 --> Session: Class initialized using 'CodeIgniter\Session\Handlers\FileHandler' driver.
CRITICAL - 2023-09-18 11:54:18 --> Undefined variable: kota
in APPPATH\Views\view_admin\profil_sistem.php on line 9.
 1 APPPATH\Views\view_admin\profil_sistem.php(9): CodeIgniter\Debug\Exceptions->errorHandler(8, 'Undefined variable: kota', 'APPPATH\\Views\\view_admin\\profil_sistem.php', 9, [...])
 2 SYSTEMPATH\View\View.php(213): include('APPPATH\\Views\\view_admin\\profil_sistem.php')
 3 SYSTEMPATH\View\View.php(216): CodeIgniter\View\View->CodeIgniter\View\{closure}()
 4 SYSTEMPATH\Common.php(1184): CodeIgniter\View\View->render('view_admin/profil_sistem', [], true)
 5 APPPATH\Controllers\Admin.php(62): view('view_admin/profil_sistem', [...])
 6 SYSTEMPATH\CodeIgniter.php(934): App\Controllers\Admin->profil_sistem()
 7 SYSTEMPATH\CodeIgniter.php(499): CodeIgniter\CodeIgniter->runController(Object(App\Controllers\Admin))
 8 SYSTEMPATH\CodeIgniter.php(368): CodeIgniter\CodeIgniter->handleRequest(null, Object(Config\Cache), false)
 9 FCPATH\index.php(67): CodeIgniter\CodeIgniter->run()
INFO - 2023-09-18 11:54:57 --> Session: Class initialized using 'CodeIgniter\Session\Handlers\FileHandler' driver.
CRITICAL - 2023-09-18 11:54:57 --> Undefined variable: kota
in APPPATH\Views\view_admin\profil_sistem.php on line 9.
 1 APPPATH\Views\view_admin\profil_sistem.php(9): CodeIgniter\Debug\Exceptions->errorHandler(8, 'Undefined variable: kota', 'APPPATH\\Views\\view_admin\\profil_sistem.php', 9, [...])
 2 SYSTEMPATH\View\View.php(213): include('APPPATH\\Views\\view_admin\\profil_sistem.php')
 3 SYSTEMPATH\View\View.php(216): CodeIgniter\View\View->CodeIgniter\View\{closure}()
 4 SYSTEMPATH\Common.php(1184): CodeIgniter\View\View->render('view_admin/profil_sistem', [], true)
 5 APPPATH\Controllers\Admin.php(62): view('view_admin/profil_sistem', [...])
 6 SYSTEMPATH\CodeIgniter.php(934): App\Controllers\Admin->profil_sistem()
 7 SYSTEMPATH\CodeIgniter.php(499): CodeIgniter\CodeIgniter->runController(Object(App\Controllers\Admin))
 8 SYSTEMPATH\CodeIgniter.php(368): CodeIgniter\CodeIgniter->handleRequest(null, Object(Config\Cache), false)
 9 FCPATH\index.php(67): CodeIgniter\CodeIgniter->run()
INFO - 2023-09-18 11:55:20 --> Session: Class initialized using 'CodeIgniter\Session\Handlers\FileHandler' driver.
CRITICAL - 2023-09-18 11:55:20 --> Trying to access array offset on value of type null
in APPPATH\Views\view_admin\profil_sistem.php on line 9.
 1 APPPATH\Views\view_admin\profil_sistem.php(9): CodeIgniter\Debug\Exceptions->errorHandler(8, 'Trying to access array offset on value of type null', 'APPPATH\\Views\\view_admin\\profil_sistem.php', 9, [...])
 2 SYSTEMPATH\View\View.php(213): include('APPPATH\\Views\\view_admin\\profil_sistem.php')
 3 SYSTEMPATH\View\View.php(216): CodeIgniter\View\View->CodeIgniter\View\{closure}()
 4 SYSTEMPATH\Common.php(1184): CodeIgniter\View\View->render('view_admin/profil_sistem', [], true)
 5 APPPATH\Controllers\Admin.php(62): view('view_admin/profil_sistem', [...])
 6 SYSTEMPATH\CodeIgniter.php(934): App\Controllers\Admin->profil_sistem()
 7 SYSTEMPATH\CodeIgniter.php(499): CodeIgniter\CodeIgniter->runController(Object(App\Controllers\Admin))
 8 SYSTEMPATH\CodeIgniter.php(368): CodeIgniter\CodeIgniter->handleRequest(null, Object(Config\Cache), false)
 9 FCPATH\index.php(67): CodeIgniter\CodeIgniter->run()
INFO - 2023-09-18 11:56:38 --> Session: Class initialized using 'CodeIgniter\Session\Handlers\FileHandler' driver.
CRITICAL - 2023-09-18 11:56:38 --> Trying to access array offset on value of type null
in APPPATH\Views\view_admin\profil_sistem.php on line 9.
 1 APPPATH\Views\view_admin\profil_sistem.php(9): CodeIgniter\Debug\Exceptions->errorHandler(8, 'Trying to access array offset on value of type null', 'APPPATH\\Views\\view_admin\\profil_sistem.php', 9, [...])
 2 SYSTEMPATH\View\View.php(213): include('APPPATH\\Views\\view_admin\\profil_sistem.php')
 3 SYSTEMPATH\View\View.php(216): CodeIgniter\View\View->CodeIgniter\View\{closure}()
 4 SYSTEMPATH\Common.php(1184): CodeIgniter\View\View->render('view_admin/profil_sistem', [], true)
 5 APPPATH\Controllers\Admin.php(62): view('view_admin/profil_sistem', [...])
 6 SYSTEMPATH\CodeIgniter.php(934): App\Controllers\Admin->profil_sistem()
 7 SYSTEMPATH\CodeIgniter.php(499): CodeIgniter\CodeIgniter->runController(Object(App\Controllers\Admin))
 8 SYSTEMPATH\CodeIgniter.php(368): CodeIgniter\CodeIgniter->handleRequest(null, Object(Config\Cache), false)
 9 FCPATH\index.php(67): CodeIgniter\CodeIgniter->run()
INFO - 2023-09-18 11:57:07 --> Session: Class initialized using 'CodeIgniter\Session\Handlers\FileHandler' driver.
CRITICAL - 2023-09-18 11:57:07 --> Trying to access array offset on value of type null
in APPPATH\Views\view_admin\profil_sistem.php on line 9.
 1 APPPATH\Views\view_admin\profil_sistem.php(9): CodeIgniter\Debug\Exceptions->errorHandler(8, 'Trying to access array offset on value of type null', 'APPPATH\\Views\\view_admin\\profil_sistem.php', 9, [...])
 2 SYSTEMPATH\View\View.php(213): include('APPPATH\\Views\\view_admin\\profil_sistem.php')
 3 SYSTEMPATH\View\View.php(216): CodeIgniter\View\View->CodeIgniter\View\{closure}()
 4 SYSTEMPATH\Common.php(1184): CodeIgniter\View\View->render('view_admin/profil_sistem', [], true)
 5 APPPATH\Controllers\Admin.php(62): view('view_admin/profil_sistem', [...])
 6 SYSTEMPATH\CodeIgniter.php(934): App\Controllers\Admin->profil_sistem()
 7 SYSTEMPATH\CodeIgniter.php(499): CodeIgniter\CodeIgniter->runController(Object(App\Controllers\Admin))
 8 SYSTEMPATH\CodeIgniter.php(368): CodeIgniter\CodeIgniter->handleRequest(null, Object(Config\Cache), false)
 9 FCPATH\index.php(67): CodeIgniter\CodeIgniter->run()
INFO - 2023-09-18 11:57:52 --> Session: Class initialized using 'CodeIgniter\Session\Handlers\FileHandler' driver.
CRITICAL - 2023-09-18 11:57:52 --> Trying to access array offset on value of type null
in APPPATH\Views\view_admin\profil_sistem.php on line 9.
 1 APPPATH\Views\view_admin\profil_sistem.php(9): CodeIgniter\Debug\Exceptions->errorHandler(8, 'Trying to access array offset on value of type null', 'APPPATH\\Views\\view_admin\\profil_sistem.php', 9, [...])
 2 SYSTEMPATH\View\View.php(213): include('APPPATH\\Views\\view_admin\\profil_sistem.php')
 3 SYSTEMPATH\View\View.php(216): CodeIgniter\View\View->CodeIgniter\View\{closure}()
 4 SYSTEMPATH\Common.php(1184): CodeIgniter\View\View->render('view_admin/profil_sistem', [], true)
 5 APPPATH\Controllers\Admin.php(63): view('view_admin/profil_sistem', [...])
 6 SYSTEMPATH\CodeIgniter.php(934): App\Controllers\Admin->profil_sistem()
 7 SYSTEMPATH\CodeIgniter.php(499): CodeIgniter\CodeIgniter->runController(Object(App\Controllers\Admin))
 8 SYSTEMPATH\CodeIgniter.php(368): CodeIgniter\CodeIgniter->handleRequest(null, Object(Config\Cache), false)
 9 FCPATH\index.php(67): CodeIgniter\CodeIgniter->run()
INFO - 2023-09-18 11:59:13 --> Session: Class initialized using 'CodeIgniter\Session\Handlers\FileHandler' driver.
CRITICAL - 2023-09-18 11:59:13 --> Undefined index: logo_sistem
in APPPATH\Views\view_admin\profil_sistem.php on line 9.
 1 APPPATH\Views\view_admin\profil_sistem.php(9): CodeIgniter\Debug\Exceptions->errorHandler(8, 'Undefined index: logo_sistem', 'APPPATH\\Views\\view_admin\\profil_sistem.php', 9, [...])
 2 SYSTEMPATH\View\View.php(213): include('APPPATH\\Views\\view_admin\\profil_sistem.php')
 3 SYSTEMPATH\View\View.php(216): CodeIgniter\View\View->CodeIgniter\View\{closure}()
 4 SYSTEMPATH\Common.php(1184): CodeIgniter\View\View->render('view_admin/profil_sistem', [], true)
 5 APPPATH\Controllers\Admin.php(63): view('view_admin/profil_sistem', [...])
 6 SYSTEMPATH\CodeIgniter.php(934): App\Controllers\Admin->profil_sistem()
 7 SYSTEMPATH\CodeIgniter.php(499): CodeIgniter\CodeIgniter->runController(Object(App\Controllers\Admin))
 8 SYSTEMPATH\CodeIgniter.php(368): CodeIgniter\CodeIgniter->handleRequest(null, Object(Config\Cache), false)
 9 FCPATH\index.php(67): CodeIgniter\CodeIgniter->run()
INFO - 2023-09-18 12:22:16 --> Session: Class initialized using 'CodeIgniter\Session\Handlers\FileHandler' driver.
INFO - 2023-09-18 13:27:41 --> Session: Class initialized using 'CodeIgniter\Session\Handlers\FileHandler' driver.
CRITICAL - 2023-09-18 13:27:41 --> Undefined index: logo_sistem
in APPPATH\Views\view_admin\profil_sistem.php on line 9.
 1 APPPATH\Views\view_admin\profil_sistem.php(9): CodeIgniter\Debug\Exceptions->errorHandler(8, 'Undefined index: logo_sistem', 'APPPATH\\Views\\view_admin\\profil_sistem.php', 9, [...])
 2 SYSTEMPATH\View\View.php(213): include('APPPATH\\Views\\view_admin\\profil_sistem.php')
 3 SYSTEMPATH\View\View.php(216): CodeIgniter\View\View->CodeIgniter\View\{closure}()
 4 SYSTEMPATH\Common.php(1184): CodeIgniter\View\View->render('view_admin/profil_sistem', [], true)
 5 APPPATH\Controllers\Admin.php(63): view('view_admin/profil_sistem', [...])
 6 SYSTEMPATH\CodeIgniter.php(934): App\Controllers\Admin->profil_sistem()
 7 SYSTEMPATH\CodeIgniter.php(499): CodeIgniter\CodeIgniter->runController(Object(App\Controllers\Admin))
 8 SYSTEMPATH\CodeIgniter.php(368): CodeIgniter\CodeIgniter->handleRequest(null, Object(Config\Cache), false)
 9 FCPATH\index.php(67): CodeIgniter\CodeIgniter->run()
INFO - 2023-09-18 13:28:30 --> Session: Class initialized using 'CodeIgniter\Session\Handlers\FileHandler' driver.
INFO - 2023-09-18 13:29:59 --> Session: Class initialized using 'CodeIgniter\Session\Handlers\FileHandler' driver.
INFO - 2023-09-18 13:30:18 --> Session: Class initialized using 'CodeIgniter\Session\Handlers\FileHandler' driver.
INFO - 2023-09-18 13:31:49 --> Session: Class initialized using 'CodeIgniter\Session\Handlers\FileHandler' driver.
CRITICAL - 2023-09-18 13:31:49 --> Undefined variable: nama_sistem
in APPPATH\Views\view_admin\frame\a_layout.php on line 94.
 1 APPPATH\Views\view_admin\frame\a_layout.php(94): CodeIgniter\Debug\Exceptions->errorHandler(8, 'Undefined variable: nama_sistem', 'APPPATH\\Views\\view_admin\\frame\\a_layout.php', 94, [...])
 2 SYSTEMPATH\View\View.php(213): include('APPPATH\\Views\\view_admin\\frame\\a_layout.php')
 3 SYSTEMPATH\View\View.php(216): CodeIgniter\View\View->CodeIgniter\View\{closure}()
 4 SYSTEMPATH\View\View.php(229): CodeIgniter\View\View->render('view_admin/frame/a_layout', [], true)
 5 SYSTEMPATH\Common.php(1184): CodeIgniter\View\View->render('view_admin/profil_sistem', [], true)
 6 APPPATH\Controllers\Admin.php(62): view('view_admin/profil_sistem', [...])
 7 SYSTEMPATH\CodeIgniter.php(934): App\Controllers\Admin->profil_sistem()
 8 SYSTEMPATH\CodeIgniter.php(499): CodeIgniter\CodeIgniter->runController(Object(App\Controllers\Admin))
 9 SYSTEMPATH\CodeIgniter.php(368): CodeIgniter\CodeIgniter->handleRequest(null, Object(Config\Cache), false)
10 FCPATH\index.php(67): CodeIgniter\CodeIgniter->run()
INFO - 2023-09-18 13:34:27 --> Session: Class initialized using 'CodeIgniter\Session\Handlers\FileHandler' driver.
CRITICAL - 2023-09-18 13:34:27 --> Undefined variable: nama_sistem
in APPPATH\Views\view_admin\frame\a_layout.php on line 94.
 1 APPPATH\Views\view_admin\frame\a_layout.php(94): CodeIgniter\Debug\Exceptions->errorHandler(8, 'Undefined variable: nama_sistem', 'APPPATH\\Views\\view_admin\\frame\\a_layout.php', 94, [...])
 2 SYSTEMPATH\View\View.php(213): include('APPPATH\\Views\\view_admin\\frame\\a_layout.php')
 3 SYSTEMPATH\View\View.php(216): CodeIgniter\View\View->CodeIgniter\View\{closure}()
 4 SYSTEMPATH\View\View.php(229): CodeIgniter\View\View->render('view_admin/frame/a_layout', [], true)
 5 SYSTEMPATH\Common.php(1184): CodeIgniter\View\View->render('view_admin/profil_sistem', [], true)
 6 APPPATH\Controllers\Admin.php(62): view('view_admin/profil_sistem', [...])
 7 SYSTEMPATH\CodeIgniter.php(934): App\Controllers\Admin->profil_sistem()
 8 SYSTEMPATH\CodeIgniter.php(499): CodeIgniter\CodeIgniter->runController(Object(App\Controllers\Admin))
 9 SYSTEMPATH\CodeIgniter.php(368): CodeIgniter\CodeIgniter->handleRequest(null, Object(Config\Cache), false)
10 FCPATH\index.php(67): CodeIgniter\CodeIgniter->run()
INFO - 2023-09-18 13:34:28 --> Session: Class initialized using 'CodeIgniter\Session\Handlers\FileHandler' driver.
CRITICAL - 2023-09-18 13:34:28 --> Undefined variable: nama_sistem
in APPPATH\Views\view_admin\frame\a_layout.php on line 94.
 1 APPPATH\Views\view_admin\frame\a_layout.php(94): CodeIgniter\Debug\Exceptions->errorHandler(8, 'Undefined variable: nama_sistem', 'APPPATH\\Views\\view_admin\\frame\\a_layout.php', 94, [...])
 2 SYSTEMPATH\View\View.php(213): include('APPPATH\\Views\\view_admin\\frame\\a_layout.php')
 3 SYSTEMPATH\View\View.php(216): CodeIgniter\View\View->CodeIgniter\View\{closure}()
 4 SYSTEMPATH\View\View.php(229): CodeIgniter\View\View->render('view_admin/frame/a_layout', [], true)
 5 SYSTEMPATH\Common.php(1184): CodeIgniter\View\View->render('view_admin/profil_sistem', [], true)
 6 APPPATH\Controllers\Admin.php(62): view('view_admin/profil_sistem', [...])
 7 SYSTEMPATH\CodeIgniter.php(934): App\Controllers\Admin->profil_sistem()
 8 SYSTEMPATH\CodeIgniter.php(499): CodeIgniter\CodeIgniter->runController(Object(App\Controllers\Admin))
 9 SYSTEMPATH\CodeIgniter.php(368): CodeIgniter\CodeIgniter->handleRequest(null, Object(Config\Cache), false)
10 FCPATH\index.php(67): CodeIgniter\CodeIgniter->run()
INFO - 2023-09-18 13:35:14 --> Session: Class initialized using 'CodeIgniter\Session\Handlers\FileHandler' driver.
CRITICAL - 2023-09-18 13:35:14 --> Undefined variable: nama_sistem
in APPPATH\Views\view_admin\frame\a_layout.php on line 94.
 1 APPPATH\Views\view_admin\frame\a_layout.php(94): CodeIgniter\Debug\Exceptions->errorHandler(8, 'Undefined variable: nama_sistem', 'APPPATH\\Views\\view_admin\\frame\\a_layout.php', 94, [...])
 2 SYSTEMPATH\View\View.php(213): include('APPPATH\\Views\\view_admin\\frame\\a_layout.php')
 3 SYSTEMPATH\View\View.php(216): CodeIgniter\View\View->CodeIgniter\View\{closure}()
 4 SYSTEMPATH\View\View.php(229): CodeIgniter\View\View->render('view_admin/frame/a_layout', [], true)
 5 SYSTEMPATH\Common.php(1184): CodeIgniter\View\View->render('view_admin/profil_sistem', [], true)
 6 APPPATH\Controllers\Admin.php(62): view('view_admin/profil_sistem', [...])
 7 SYSTEMPATH\CodeIgniter.php(934): App\Controllers\Admin->profil_sistem()
 8 SYSTEMPATH\CodeIgniter.php(499): CodeIgniter\CodeIgniter->runController(Object(App\Controllers\Admin))
 9 SYSTEMPATH\CodeIgniter.php(368): CodeIgniter\CodeIgniter->handleRequest(null, Object(Config\Cache), false)
10 FCPATH\index.php(67): CodeIgniter\CodeIgniter->run()
INFO - 2023-09-18 13:44:31 --> Session: Class initialized using 'CodeIgniter\Session\Handlers\FileHandler' driver.
CRITICAL - 2023-09-18 13:44:31 --> Undefined variable: datas
in APPPATH\Controllers\Admin.php on line 62.
 1 APPPATH\Controllers\Admin.php(62): CodeIgniter\Debug\Exceptions->errorHandler(8, 'Undefined variable: datas', 'APPPATH\\Controllers\\Admin.php', 62, [...])
 2 SYSTEMPATH\CodeIgniter.php(934): App\Controllers\Admin->profil_sistem()
 3 SYSTEMPATH\CodeIgniter.php(499): CodeIgniter\CodeIgniter->runController(Object(App\Controllers\Admin))
 4 SYSTEMPATH\CodeIgniter.php(368): CodeIgniter\CodeIgniter->handleRequest(null, Object(Config\Cache), false)
 5 FCPATH\index.php(67): CodeIgniter\CodeIgniter->run()
INFO - 2023-09-18 13:46:16 --> Session: Class initialized using 'CodeIgniter\Session\Handlers\FileHandler' driver.
CRITICAL - 2023-09-18 13:46:16 --> Undefined variable: profil
in APPPATH\Views\view_admin\profil_sistem.php on line 9.
 1 APPPATH\Views\view_admin\profil_sistem.php(9): CodeIgniter\Debug\Exceptions->errorHandler(8, 'Undefined variable: profil', 'APPPATH\\Views\\view_admin\\profil_sistem.php', 9, [...])
 2 SYSTEMPATH\View\View.php(213): include('APPPATH\\Views\\view_admin\\profil_sistem.php')
 3 SYSTEMPATH\View\View.php(216): CodeIgniter\View\View->CodeIgniter\View\{closure}()
 4 SYSTEMPATH\Common.php(1184): CodeIgniter\View\View->render('view_admin/profil_sistem', [], true)
 5 APPPATH\Controllers\Admin.php(62): view('view_admin/profil_sistem', [...])
 6 SYSTEMPATH\CodeIgniter.php(934): App\Controllers\Admin->profil_sistem()
 7 SYSTEMPATH\CodeIgniter.php(499): CodeIgniter\CodeIgniter->runController(Object(App\Controllers\Admin))
 8 SYSTEMPATH\CodeIgniter.php(368): CodeIgniter\CodeIgniter->handleRequest(null, Object(Config\Cache), false)
 9 FCPATH\index.php(67): CodeIgniter\CodeIgniter->run()
INFO - 2023-09-18 13:57:20 --> Session: Class initialized using 'CodeIgniter\Session\Handlers\FileHandler' driver.
CRITICAL - 2023-09-18 13:57:20 --> Undefined variable: data
in APPPATH\Controllers\Admin.php on line 62.
 1 APPPATH\Controllers\Admin.php(62): CodeIgniter\Debug\Exceptions->errorHandler(8, 'Undefined variable: data', 'APPPATH\\Controllers\\Admin.php', 62, [...])
 2 SYSTEMPATH\CodeIgniter.php(934): App\Controllers\Admin->profil_sistem()
 3 SYSTEMPATH\CodeIgniter.php(499): CodeIgniter\CodeIgniter->runController(Object(App\Controllers\Admin))
 4 SYSTEMPATH\CodeIgniter.php(368): CodeIgniter\CodeIgniter->handleRequest(null, Object(Config\Cache), false)
 5 FCPATH\index.php(67): CodeIgniter\CodeIgniter->run()
INFO - 2023-09-18 13:57:37 --> Session: Class initialized using 'CodeIgniter\Session\Handlers\FileHandler' driver.
CRITICAL - 2023-09-18 13:57:37 --> Undefined variable: data
in APPPATH\Controllers\Admin.php on line 62.
 1 APPPATH\Controllers\Admin.php(62): CodeIgniter\Debug\Exceptions->errorHandler(8, 'Undefined variable: data', 'APPPATH\\Controllers\\Admin.php', 62, [...])
 2 SYSTEMPATH\CodeIgniter.php(934): App\Controllers\Admin->profil_sistem()
 3 SYSTEMPATH\CodeIgniter.php(499): CodeIgniter\CodeIgniter->runController(Object(App\Controllers\Admin))
 4 SYSTEMPATH\CodeIgniter.php(368): CodeIgniter\CodeIgniter->handleRequest(null, Object(Config\Cache), false)
 5 FCPATH\index.php(67): CodeIgniter\CodeIgniter->run()
INFO - 2023-09-18 13:58:01 --> Session: Class initialized using 'CodeIgniter\Session\Handlers\FileHandler' driver.
CRITICAL - 2023-09-18 13:58:01 --> Undefined variable: profil
in APPPATH\Views\view_admin\profil_sistem.php on line 9.
 1 APPPATH\Views\view_admin\profil_sistem.php(9): CodeIgniter\Debug\Exceptions->errorHandler(8, 'Undefined variable: profil', 'APPPATH\\Views\\view_admin\\profil_sistem.php', 9, [...])
 2 SYSTEMPATH\View\View.php(213): include('APPPATH\\Views\\view_admin\\profil_sistem.php')
 3 SYSTEMPATH\View\View.php(216): CodeIgniter\View\View->CodeIgniter\View\{closure}()
 4 SYSTEMPATH\Common.php(1184): CodeIgniter\View\View->render('view_admin/profil_sistem', [], true)
 5 APPPATH\Controllers\Admin.php(66): view('view_admin/profil_sistem', [...])
 6 SYSTEMPATH\CodeIgniter.php(934): App\Controllers\Admin->profil_sistem()
 7 SYSTEMPATH\CodeIgniter.php(499): CodeIgniter\CodeIgniter->runController(Object(App\Controllers\Admin))
 8 SYSTEMPATH\CodeIgniter.php(368): CodeIgniter\CodeIgniter->handleRequest(null, Object(Config\Cache), false)
 9 FCPATH\index.php(67): CodeIgniter\CodeIgniter->run()
INFO - 2023-09-18 13:58:11 --> Session: Class initialized using 'CodeIgniter\Session\Handlers\FileHandler' driver.
CRITICAL - 2023-09-18 13:58:11 --> Undefined variable: profil
in APPPATH\Views\view_admin\profil_sistem.php on line 9.
 1 APPPATH\Views\view_admin\profil_sistem.php(9): CodeIgniter\Debug\Exceptions->errorHandler(8, 'Undefined variable: profil', 'APPPATH\\Views\\view_admin\\profil_sistem.php', 9, [...])
 2 SYSTEMPATH\View\View.php(213): include('APPPATH\\Views\\view_admin\\profil_sistem.php')
 3 SYSTEMPATH\View\View.php(216): CodeIgniter\View\View->CodeIgniter\View\{closure}()
 4 SYSTEMPATH\Common.php(1184): CodeIgniter\View\View->render('view_admin/profil_sistem', [], true)
 5 APPPATH\Controllers\Admin.php(66): view('view_admin/profil_sistem', [...])
 6 SYSTEMPATH\CodeIgniter.php(934): App\Controllers\Admin->profil_sistem()
 7 SYSTEMPATH\CodeIgniter.php(499): CodeIgniter\CodeIgniter->runController(Object(App\Controllers\Admin))
 8 SYSTEMPATH\CodeIgniter.php(368): CodeIgniter\CodeIgniter->handleRequest(null, Object(Config\Cache), false)
 9 FCPATH\index.php(67): CodeIgniter\CodeIgniter->run()
INFO - 2023-09-18 13:59:13 --> Session: Class initialized using 'CodeIgniter\Session\Handlers\FileHandler' driver.
INFO - 2023-09-18 13:59:48 --> Session: Class initialized using 'CodeIgniter\Session\Handlers\FileHandler' driver.
CRITICAL - 2023-09-18 13:59:48 --> Undefined variable: profil
in APPPATH\Views\view_admin\profil_sistem.php on line 9.
 1 APPPATH\Views\view_admin\profil_sistem.php(9): CodeIgniter\Debug\Exceptions->errorHandler(8, 'Undefined variable: profil', 'APPPATH\\Views\\view_admin\\profil_sistem.php', 9, [...])
 2 SYSTEMPATH\View\View.php(213): include('APPPATH\\Views\\view_admin\\profil_sistem.php')
 3 SYSTEMPATH\View\View.php(216): CodeIgniter\View\View->CodeIgniter\View\{closure}()
 4 SYSTEMPATH\Common.php(1184): CodeIgniter\View\View->render('view_admin/profil_sistem', [], true)
 5 APPPATH\Controllers\Admin.php(69): view('view_admin/profil_sistem', [...])
 6 SYSTEMPATH\CodeIgniter.php(934): App\Controllers\Admin->profil_sistem()
 7 SYSTEMPATH\CodeIgniter.php(499): CodeIgniter\CodeIgniter->runController(Object(App\Controllers\Admin))
 8 SYSTEMPATH\CodeIgniter.php(368): CodeIgniter\CodeIgniter->handleRequest(null, Object(Config\Cache), false)
 9 FCPATH\index.php(67): CodeIgniter\CodeIgniter->run()
INFO - 2023-09-18 14:00:06 --> Session: Class initialized using 'CodeIgniter\Session\Handlers\FileHandler' driver.
INFO - 2023-09-18 14:02:15 --> Session: Class initialized using 'CodeIgniter\Session\Handlers\FileHandler' driver.
INFO - 2023-09-18 14:02:21 --> Session: Class initialized using 'CodeIgniter\Session\Handlers\FileHandler' driver.
CRITICAL - 2023-09-18 14:02:21 --> Undefined variable: profil
in APPPATH\Views\view_admin\profil_sistem.php on line 9.
 1 APPPATH\Views\view_admin\profil_sistem.php(9): CodeIgniter\Debug\Exceptions->errorHandler(8, 'Undefined variable: profil', 'APPPATH\\Views\\view_admin\\profil_sistem.php', 9, [...])
 2 SYSTEMPATH\View\View.php(213): include('APPPATH\\Views\\view_admin\\profil_sistem.php')
 3 SYSTEMPATH\View\View.php(216): CodeIgniter\View\View->CodeIgniter\View\{closure}()
 4 SYSTEMPATH\Common.php(1184): CodeIgniter\View\View->render('view_admin/profil_sistem', [], true)
 5 APPPATH\Controllers\Admin.php(69): view('view_admin/profil_sistem', [...])
 6 SYSTEMPATH\CodeIgniter.php(934): App\Controllers\Admin->profil_sistem()
 7 SYSTEMPATH\CodeIgniter.php(499): CodeIgniter\CodeIgniter->runController(Object(App\Controllers\Admin))
 8 SYSTEMPATH\CodeIgniter.php(368): CodeIgniter\CodeIgniter->handleRequest(null, Object(Config\Cache), false)
 9 FCPATH\index.php(67): CodeIgniter\CodeIgniter->run()
INFO - 2023-09-18 14:02:44 --> Session: Class initialized using 'CodeIgniter\Session\Handlers\FileHandler' driver.
CRITICAL - 2023-09-18 14:02:44 --> Undefined variable: profil
in APPPATH\Views\view_admin\profil_sistem.php on line 12.
 1 APPPATH\Views\view_admin\profil_sistem.php(12): CodeIgniter\Debug\Exceptions->errorHandler(8, 'Undefined variable: profil', 'APPPATH\\Views\\view_admin\\profil_sistem.php', 12, [...])
 2 SYSTEMPATH\View\View.php(213): include('APPPATH\\Views\\view_admin\\profil_sistem.php')
 3 SYSTEMPATH\View\View.php(216): CodeIgniter\View\View->CodeIgniter\View\{closure}()
 4 SYSTEMPATH\Common.php(1184): CodeIgniter\View\View->render('view_admin/profil_sistem', [], true)
 5 APPPATH\Controllers\Admin.php(69): view('view_admin/profil_sistem', [...])
 6 SYSTEMPATH\CodeIgniter.php(934): App\Controllers\Admin->profil_sistem()
 7 SYSTEMPATH\CodeIgniter.php(499): CodeIgniter\CodeIgniter->runController(Object(App\Controllers\Admin))
 8 SYSTEMPATH\CodeIgniter.php(368): CodeIgniter\CodeIgniter->handleRequest(null, Object(Config\Cache), false)
 9 FCPATH\index.php(67): CodeIgniter\CodeIgniter->run()
INFO - 2023-09-18 14:02:59 --> Session: Class initialized using 'CodeIgniter\Session\Handlers\FileHandler' driver.
CRITICAL - 2023-09-18 14:02:59 --> Undefined variable: profil
in APPPATH\Views\view_admin\profil_sistem.php on line 9.
 1 APPPATH\Views\view_admin\profil_sistem.php(9): CodeIgniter\Debug\Exceptions->errorHandler(8, 'Undefined variable: profil', 'APPPATH\\Views\\view_admin\\profil_sistem.php', 9, [...])
 2 SYSTEMPATH\View\View.php(213): include('APPPATH\\Views\\view_admin\\profil_sistem.php')
 3 SYSTEMPATH\View\View.php(216): CodeIgniter\View\View->CodeIgniter\View\{closure}()
 4 SYSTEMPATH\Common.php(1184): CodeIgniter\View\View->render('view_admin/profil_sistem', [], true)
 5 APPPATH\Controllers\Admin.php(69): view('view_admin/profil_sistem', [...])
 6 SYSTEMPATH\CodeIgniter.php(934): App\Controllers\Admin->profil_sistem()
 7 SYSTEMPATH\CodeIgniter.php(499): CodeIgniter\CodeIgniter->runController(Object(App\Controllers\Admin))
 8 SYSTEMPATH\CodeIgniter.php(368): CodeIgniter\CodeIgniter->handleRequest(null, Object(Config\Cache), false)
 9 FCPATH\index.php(67): CodeIgniter\CodeIgniter->run()
INFO - 2023-09-18 14:03:32 --> Session: Class initialized using 'CodeIgniter\Session\Handlers\FileHandler' driver.
INFO - 2023-09-18 14:04:34 --> Session: Class initialized using 'CodeIgniter\Session\Handlers\FileHandler' driver.
INFO - 2023-09-18 14:05:10 --> Session: Class initialized using 'CodeIgniter\Session\Handlers\FileHandler' driver.
INFO - 2023-09-18 14:05:14 --> Session: Class initialized using 'CodeIgniter\Session\Handlers\FileHandler' driver.
INFO - 2023-09-18 14:06:47 --> Session: Class initialized using 'CodeIgniter\Session\Handlers\FileHandler' driver.
INFO - 2023-09-18 14:07:02 --> Session: Class initialized using 'CodeIgniter\Session\Handlers\FileHandler' driver.
CRITICAL - 2023-09-18 14:07:02 --> Undefined variable: profil
in APPPATH\Views\view_admin\profil_sistem.php on line 9.
 1 APPPATH\Views\view_admin\profil_sistem.php(9): CodeIgniter\Debug\Exceptions->errorHandler(8, 'Undefined variable: profil', 'APPPATH\\Views\\view_admin\\profil_sistem.php', 9, [...])
 2 SYSTEMPATH\View\View.php(213): include('APPPATH\\Views\\view_admin\\profil_sistem.php')
 3 SYSTEMPATH\View\View.php(216): CodeIgniter\View\View->CodeIgniter\View\{closure}()
 4 SYSTEMPATH\Common.php(1184): CodeIgniter\View\View->render('view_admin/profil_sistem', [], true)
 5 APPPATH\Controllers\Admin.php(65): view('view_admin/profil_sistem', [...])
 6 SYSTEMPATH\CodeIgniter.php(934): App\Controllers\Admin->profil_sistem()
 7 SYSTEMPATH\CodeIgniter.php(499): CodeIgniter\CodeIgniter->runController(Object(App\Controllers\Admin))
 8 SYSTEMPATH\CodeIgniter.php(368): CodeIgniter\CodeIgniter->handleRequest(null, Object(Config\Cache), false)
 9 FCPATH\index.php(67): CodeIgniter\CodeIgniter->run()
INFO - 2023-09-18 14:11:09 --> Session: Class initialized using 'CodeIgniter\Session\Handlers\FileHandler' driver.
CRITICAL - 2023-09-18 14:11:09 --> Undefined variable: title
in APPPATH\Views\view_admin\profil_sistem.php on line 9.
 1 APPPATH\Views\view_admin\profil_sistem.php(9): CodeIgniter\Debug\Exceptions->errorHandler(8, 'Undefined variable: title', 'APPPATH\\Views\\view_admin\\profil_sistem.php', 9, [...])
 2 SYSTEMPATH\View\View.php(213): include('APPPATH\\Views\\view_admin\\profil_sistem.php')
 3 SYSTEMPATH\View\View.php(216): CodeIgniter\View\View->CodeIgniter\View\{closure}()
 4 SYSTEMPATH\Common.php(1184): CodeIgniter\View\View->render('view_admin/profil_sistem', [], true)
 5 APPPATH\Controllers\Admin.php(65): view('view_admin/profil_sistem', [...])
 6 SYSTEMPATH\CodeIgniter.php(934): App\Controllers\Admin->profil_sistem()
 7 SYSTEMPATH\CodeIgniter.php(499): CodeIgniter\CodeIgniter->runController(Object(App\Controllers\Admin))
 8 SYSTEMPATH\CodeIgniter.php(368): CodeIgniter\CodeIgniter->handleRequest(null, Object(Config\Cache), false)
 9 FCPATH\index.php(67): CodeIgniter\CodeIgniter->run()
INFO - 2023-09-18 14:12:07 --> Session: Class initialized using 'CodeIgniter\Session\Handlers\FileHandler' driver.
CRITICAL - 2023-09-18 14:12:07 --> Undefined variable: title
in APPPATH\Views\view_admin\profil_sistem.php on line 9.
 1 APPPATH\Views\view_admin\profil_sistem.php(9): CodeIgniter\Debug\Exceptions->errorHandler(8, 'Undefined variable: title', 'APPPATH\\Views\\view_admin\\profil_sistem.php', 9, [...])
 2 SYSTEMPATH\View\View.php(213): include('APPPATH\\Views\\view_admin\\profil_sistem.php')
 3 SYSTEMPATH\View\View.php(216): CodeIgniter\View\View->CodeIgniter\View\{closure}()
 4 SYSTEMPATH\Common.php(1184): CodeIgniter\View\View->render('view_admin/profil_sistem', [], true)
 5 APPPATH\Controllers\Admin.php(67): view('view_admin/profil_sistem', [...])
 6 SYSTEMPATH\CodeIgniter.php(934): App\Controllers\Admin->profil_sistem()
 7 SYSTEMPATH\CodeIgniter.php(499): CodeIgniter\CodeIgniter->runController(Object(App\Controllers\Admin))
 8 SYSTEMPATH\CodeIgniter.php(368): CodeIgniter\CodeIgniter->handleRequest(null, Object(Config\Cache), false)
 9 FCPATH\index.php(67): CodeIgniter\CodeIgniter->run()
INFO - 2023-09-18 14:12:18 --> Session: Class initialized using 'CodeIgniter\Session\Handlers\FileHandler' driver.
CRITICAL - 2023-09-18 14:12:18 --> Undefined variable: title
in APPPATH\Views\view_admin\profil_sistem.php on line 9.
 1 APPPATH\Views\view_admin\profil_sistem.php(9): CodeIgniter\Debug\Exceptions->errorHandler(8, 'Undefined variable: title', 'APPPATH\\Views\\view_admin\\profil_sistem.php', 9, [...])
 2 SYSTEMPATH\View\View.php(213): include('APPPATH\\Views\\view_admin\\profil_sistem.php')
 3 SYSTEMPATH\View\View.php(216): CodeIgniter\View\View->CodeIgniter\View\{closure}()
 4 SYSTEMPATH\Common.php(1184): CodeIgniter\View\View->render('view_admin/profil_sistem', [], true)
 5 APPPATH\Controllers\Admin.php(67): view('view_admin/profil_sistem', [...])
 6 SYSTEMPATH\CodeIgniter.php(934): App\Controllers\Admin->profil_sistem()
 7 SYSTEMPATH\CodeIgniter.php(499): CodeIgniter\CodeIgniter->runController(Object(App\Controllers\Admin))
 8 SYSTEMPATH\CodeIgniter.php(368): CodeIgniter\CodeIgniter->handleRequest(null, Object(Config\Cache), false)
 9 FCPATH\index.php(67): CodeIgniter\CodeIgniter->run()
INFO - 2023-09-18 14:22:40 --> Session: Class initialized using 'CodeIgniter\Session\Handlers\FileHandler' driver.
CRITICAL - 2023-09-18 14:22:40 --> Undefined variable: data
in APPPATH\Views\view_admin\profil_sistem.php on line 9.
 1 APPPATH\Views\view_admin\profil_sistem.php(9): CodeIgniter\Debug\Exceptions->errorHandler(8, 'Undefined variable: data', 'APPPATH\\Views\\view_admin\\profil_sistem.php', 9, [...])
 2 SYSTEMPATH\View\View.php(213): include('APPPATH\\Views\\view_admin\\profil_sistem.php')
 3 SYSTEMPATH\View\View.php(216): CodeIgniter\View\View->CodeIgniter\View\{closure}()
 4 SYSTEMPATH\Common.php(1184): CodeIgniter\View\View->render('view_admin/profil_sistem', [], true)
 5 APPPATH\Controllers\Admin.php(67): view('view_admin/profil_sistem', [...])
 6 SYSTEMPATH\CodeIgniter.php(934): App\Controllers\Admin->profil_sistem()
 7 SYSTEMPATH\CodeIgniter.php(499): CodeIgniter\CodeIgniter->runController(Object(App\Controllers\Admin))
 8 SYSTEMPATH\CodeIgniter.php(368): CodeIgniter\CodeIgniter->handleRequest(null, Object(Config\Cache), false)
 9 FCPATH\index.php(67): CodeIgniter\CodeIgniter->run()
INFO - 2023-09-18 14:23:39 --> Session: Class initialized using 'CodeIgniter\Session\Handlers\FileHandler' driver.
CRITICAL - 2023-09-18 14:23:39 --> Undefined variable: data
in APPPATH\Views\view_admin\profil_sistem.php on line 9.
 1 APPPATH\Views\view_admin\profil_sistem.php(9): CodeIgniter\Debug\Exceptions->errorHandler(8, 'Undefined variable: data', 'APPPATH\\Views\\view_admin\\profil_sistem.php', 9, [...])
 2 SYSTEMPATH\View\View.php(213): include('APPPATH\\Views\\view_admin\\profil_sistem.php')
 3 SYSTEMPATH\View\View.php(216): CodeIgniter\View\View->CodeIgniter\View\{closure}()
 4 SYSTEMPATH\Common.php(1184): CodeIgniter\View\View->render('view_admin/profil_sistem', [], true)
 5 APPPATH\Controllers\Admin.php(68): view('view_admin/profil_sistem', [...])
 6 SYSTEMPATH\CodeIgniter.php(934): App\Controllers\Admin->profil_sistem()
 7 SYSTEMPATH\CodeIgniter.php(499): CodeIgniter\CodeIgniter->runController(Object(App\Controllers\Admin))
 8 SYSTEMPATH\CodeIgniter.php(368): CodeIgniter\CodeIgniter->handleRequest(null, Object(Config\Cache), false)
 9 FCPATH\index.php(67): CodeIgniter\CodeIgniter->run()
INFO - 2023-09-18 14:24:11 --> Session: Class initialized using 'CodeIgniter\Session\Handlers\FileHandler' driver.
CRITICAL - 2023-09-18 14:24:11 --> Undefined variable: data
in APPPATH\Views\view_admin\profil_sistem.php on line 9.
 1 APPPATH\Views\view_admin\profil_sistem.php(9): CodeIgniter\Debug\Exceptions->errorHandler(8, 'Undefined variable: data', 'APPPATH\\Views\\view_admin\\profil_sistem.php', 9, [...])
 2 SYSTEMPATH\View\View.php(213): include('APPPATH\\Views\\view_admin\\profil_sistem.php')
 3 SYSTEMPATH\View\View.php(216): CodeIgniter\View\View->CodeIgniter\View\{closure}()
 4 SYSTEMPATH\Common.php(1184): CodeIgniter\View\View->render('view_admin/profil_sistem', [], true)
 5 APPPATH\Controllers\Admin.php(67): view('view_admin/profil_sistem', [...])
 6 SYSTEMPATH\CodeIgniter.php(934): App\Controllers\Admin->profil_sistem()
 7 SYSTEMPATH\CodeIgniter.php(499): CodeIgniter\CodeIgniter->runController(Object(App\Controllers\Admin))
 8 SYSTEMPATH\CodeIgniter.php(368): CodeIgniter\CodeIgniter->handleRequest(null, Object(Config\Cache), false)
 9 FCPATH\index.php(67): CodeIgniter\CodeIgniter->run()
INFO - 2023-09-18 14:24:18 --> Session: Class initialized using 'CodeIgniter\Session\Handlers\FileHandler' driver.
CRITICAL - 2023-09-18 14:24:18 --> Undefined variable: data
in APPPATH\Views\view_admin\profil_sistem.php on line 9.
 1 APPPATH\Views\view_admin\profil_sistem.php(9): CodeIgniter\Debug\Exceptions->errorHandler(8, 'Undefined variable: data', 'APPPATH\\Views\\view_admin\\profil_sistem.php', 9, [...])
 2 SYSTEMPATH\View\View.php(213): include('APPPATH\\Views\\view_admin\\profil_sistem.php')
 3 SYSTEMPATH\View\View.php(216): CodeIgniter\View\View->CodeIgniter\View\{closure}()
 4 SYSTEMPATH\Common.php(1184): CodeIgniter\View\View->render('view_admin/profil_sistem', [], true)
 5 APPPATH\Controllers\Admin.php(68): view('view_admin/profil_sistem', [...])
 6 SYSTEMPATH\CodeIgniter.php(934): App\Controllers\Admin->profil_sistem()
 7 SYSTEMPATH\CodeIgniter.php(499): CodeIgniter\CodeIgniter->runController(Object(App\Controllers\Admin))
 8 SYSTEMPATH\CodeIgniter.php(368): CodeIgniter\CodeIgniter->handleRequest(null, Object(Config\Cache), false)
 9 FCPATH\index.php(67): CodeIgniter\CodeIgniter->run()
INFO - 2023-09-18 14:27:49 --> Session: Class initialized using 'CodeIgniter\Session\Handlers\FileHandler' driver.
CRITICAL - 2023-09-18 14:27:49 --> Undefined variable: key
in APPPATH\Views\view_admin\profil_sistem.php on line 9.
 1 APPPATH\Views\view_admin\profil_sistem.php(9): CodeIgniter\Debug\Exceptions->errorHandler(8, 'Undefined variable: key', 'APPPATH\\Views\\view_admin\\profil_sistem.php', 9, [...])
 2 SYSTEMPATH\View\View.php(213): include('APPPATH\\Views\\view_admin\\profil_sistem.php')
 3 SYSTEMPATH\View\View.php(216): CodeIgniter\View\View->CodeIgniter\View\{closure}()
 4 SYSTEMPATH\Common.php(1184): CodeIgniter\View\View->render('view_admin/profil_sistem', [], true)
 5 APPPATH\Controllers\Admin.php(68): view('view_admin/profil_sistem', [...])
 6 SYSTEMPATH\CodeIgniter.php(934): App\Controllers\Admin->profil_sistem()
 7 SYSTEMPATH\CodeIgniter.php(499): CodeIgniter\CodeIgniter->runController(Object(App\Controllers\Admin))
 8 SYSTEMPATH\CodeIgniter.php(368): CodeIgniter\CodeIgniter->handleRequest(null, Object(Config\Cache), false)
 9 FCPATH\index.php(67): CodeIgniter\CodeIgniter->run()
INFO - 2023-09-18 14:30:00 --> Session: Class initialized using 'CodeIgniter\Session\Handlers\FileHandler' driver.
CRITICAL - 2023-09-18 14:30:00 --> Undefined variable: key
in APPPATH\Views\view_admin\profil_sistem.php on line 9.
 1 APPPATH\Views\view_admin\profil_sistem.php(9): CodeIgniter\Debug\Exceptions->errorHandler(8, 'Undefined variable: key', 'APPPATH\\Views\\view_admin\\profil_sistem.php', 9, [...])
 2 SYSTEMPATH\View\View.php(213): include('APPPATH\\Views\\view_admin\\profil_sistem.php')
 3 SYSTEMPATH\View\View.php(216): CodeIgniter\View\View->CodeIgniter\View\{closure}()
 4 SYSTEMPATH\Common.php(1184): CodeIgniter\View\View->render('view_admin/profil_sistem', [], true)
 5 APPPATH\Controllers\Admin.php(68): view('view_admin/profil_sistem', [...])
 6 SYSTEMPATH\CodeIgniter.php(934): App\Controllers\Admin->profil_sistem()
 7 SYSTEMPATH\CodeIgniter.php(499): CodeIgniter\CodeIgniter->runController(Object(App\Controllers\Admin))
 8 SYSTEMPATH\CodeIgniter.php(368): CodeIgniter\CodeIgniter->handleRequest(null, Object(Config\Cache), false)
 9 FCPATH\index.php(67): CodeIgniter\CodeIgniter->run()
INFO - 2023-09-18 14:30:19 --> Session: Class initialized using 'CodeIgniter\Session\Handlers\FileHandler' driver.
INFO - 2023-09-18 14:30:56 --> Session: Class initialized using 'CodeIgniter\Session\Handlers\FileHandler' driver.
CRITICAL - 2023-09-18 14:30:56 --> Undefined offset: 0
in APPPATH\Views\view_admin\profil_sistem.php on line 9.
 1 APPPATH\Views\view_admin\profil_sistem.php(9): CodeIgniter\Debug\Exceptions->errorHandler(8, 'Undefined offset: 0', 'APPPATH\\Views\\view_admin\\profil_sistem.php', 9, [...])
 2 SYSTEMPATH\View\View.php(213): include('APPPATH\\Views\\view_admin\\profil_sistem.php')
 3 SYSTEMPATH\View\View.php(216): CodeIgniter\View\View->CodeIgniter\View\{closure}()
 4 SYSTEMPATH\Common.php(1184): CodeIgniter\View\View->render('view_admin/profil_sistem', [], true)
 5 APPPATH\Controllers\Admin.php(67): view('view_admin/profil_sistem', [...])
 6 SYSTEMPATH\CodeIgniter.php(934): App\Controllers\Admin->profil_sistem()
 7 SYSTEMPATH\CodeIgniter.php(499): CodeIgniter\CodeIgniter->runController(Object(App\Controllers\Admin))
 8 SYSTEMPATH\CodeIgniter.php(368): CodeIgniter\CodeIgniter->handleRequest(null, Object(Config\Cache), false)
 9 FCPATH\index.php(67): CodeIgniter\CodeIgniter->run()
INFO - 2023-09-18 14:31:26 --> Session: Class initialized using 'CodeIgniter\Session\Handlers\FileHandler' driver.
CRITICAL - 2023-09-18 14:31:26 --> Undefined offset: 0
in APPPATH\Views\view_admin\profil_sistem.php on line 12.
 1 APPPATH\Views\view_admin\profil_sistem.php(12): CodeIgniter\Debug\Exceptions->errorHandler(8, 'Undefined offset: 0', 'APPPATH\\Views\\view_admin\\profil_sistem.php', 12, [...])
 2 SYSTEMPATH\View\View.php(213): include('APPPATH\\Views\\view_admin\\profil_sistem.php')
 3 SYSTEMPATH\View\View.php(216): CodeIgniter\View\View->CodeIgniter\View\{closure}()
 4 SYSTEMPATH\Common.php(1184): CodeIgniter\View\View->render('view_admin/profil_sistem', [], true)
 5 APPPATH\Controllers\Admin.php(67): view('view_admin/profil_sistem', [...])
 6 SYSTEMPATH\CodeIgniter.php(934): App\Controllers\Admin->profil_sistem()
 7 SYSTEMPATH\CodeIgniter.php(499): CodeIgniter\CodeIgniter->runController(Object(App\Controllers\Admin))
 8 SYSTEMPATH\CodeIgniter.php(368): CodeIgniter\CodeIgniter->handleRequest(null, Object(Config\Cache), false)
 9 FCPATH\index.php(67): CodeIgniter\CodeIgniter->run()
INFO - 2023-09-18 17:30:40 --> Session: Class initialized using 'CodeIgniter\Session\Handlers\FileHandler' driver.
INFO - 2023-09-18 17:30:40 --> Session: Class initialized using 'CodeIgniter\Session\Handlers\FileHandler' driver.
INFO - 2023-09-18 17:30:45 --> Session: Class initialized using 'CodeIgniter\Session\Handlers\FileHandler' driver.
INFO - 2023-09-18 17:30:51 --> Session: Class initialized using 'CodeIgniter\Session\Handlers\FileHandler' driver.
INFO - 2023-09-18 17:30:51 --> Session: Class initialized using 'CodeIgniter\Session\Handlers\FileHandler' driver.
INFO - 2023-09-18 17:32:48 --> Session: Class initialized using 'CodeIgniter\Session\Handlers\FileHandler' driver.
CRITICAL - 2023-09-18 17:32:48 --> Call to undefined function profil()
in APPPATH\Views\view_admin\frame\a_layout.php on line 72.
 1 SYSTEMPATH\View\View.php(213): include()
 2 SYSTEMPATH\View\View.php(216): CodeIgniter\View\View->CodeIgniter\View\{closure}()
 3 SYSTEMPATH\View\View.php(229): CodeIgniter\View\View->render('view_admin/frame/a_layout', [], true)
 4 SYSTEMPATH\Common.php(1184): CodeIgniter\View\View->render('view_admin/dashboard', [], true)
 5 APPPATH\Controllers\Admin.php(52): view('view_admin/dashboard', [...])
 6 SYSTEMPATH\CodeIgniter.php(934): App\Controllers\Admin->index()
 7 SYSTEMPATH\CodeIgniter.php(499): CodeIgniter\CodeIgniter->runController(Object(App\Controllers\Admin))
 8 SYSTEMPATH\CodeIgniter.php(368): CodeIgniter\CodeIgniter->handleRequest(null, Object(Config\Cache), false)
 9 FCPATH\index.php(67): CodeIgniter\CodeIgniter->run()
INFO - 2023-09-18 17:34:34 --> Session: Class initialized using 'CodeIgniter\Session\Handlers\FileHandler' driver.
CRITICAL - 2023-09-18 17:34:34 --> Call to undefined function profil_sistem()
in APPPATH\Views\view_admin\frame\a_layout.php on line 72.
 1 SYSTEMPATH\View\View.php(213): include()
 2 SYSTEMPATH\View\View.php(216): CodeIgniter\View\View->CodeIgniter\View\{closure}()
 3 SYSTEMPATH\View\View.php(229): CodeIgniter\View\View->render('view_admin/frame/a_layout', [], true)
 4 SYSTEMPATH\Common.php(1184): CodeIgniter\View\View->render('view_admin/dashboard', [], true)
 5 APPPATH\Controllers\Admin.php(52): view('view_admin/dashboard', [...])
 6 SYSTEMPATH\CodeIgniter.php(934): App\Controllers\Admin->index()
 7 SYSTEMPATH\CodeIgniter.php(499): CodeIgniter\CodeIgniter->runController(Object(App\Controllers\Admin))
 8 SYSTEMPATH\CodeIgniter.php(368): CodeIgniter\CodeIgniter->handleRequest(null, Object(Config\Cache), false)
 9 FCPATH\index.php(67): CodeIgniter\CodeIgniter->run()
INFO - 2023-09-18 17:38:26 --> Session: Class initialized using 'CodeIgniter\Session\Handlers\FileHandler' driver.
INFO - 2023-09-18 17:38:44 --> Session: Class initialized using 'CodeIgniter\Session\Handlers\FileHandler' driver.
INFO - 2023-09-18 17:39:13 --> Session: Class initialized using 'CodeIgniter\Session\Handlers\FileHandler' driver.
INFO - 2023-09-18 17:42:01 --> Session: Class initialized using 'CodeIgniter\Session\Handlers\FileHandler' driver.
CRITICAL - 2023-09-18 17:42:02 --> Using $this when not in object context
in APPPATH\Helpers\profil_helper.php on line 4.
 1 APPPATH\Views\view_admin\frame\a_layout.php(72): profil_sistem()
 2 SYSTEMPATH\View\View.php(213): include('APPPATH\\Views\\view_admin\\frame\\a_layout.php')
 3 SYSTEMPATH\View\View.php(216): CodeIgniter\View\View->CodeIgniter\View\{closure}()
 4 SYSTEMPATH\View\View.php(229): CodeIgniter\View\View->render('view_admin/frame/a_layout', [], true)
 5 SYSTEMPATH\Common.php(1184): CodeIgniter\View\View->render('view_admin/dashboard', [], true)
 6 APPPATH\Controllers\Admin.php(52): view('view_admin/dashboard', [...])
 7 SYSTEMPATH\CodeIgniter.php(934): App\Controllers\Admin->index()
 8 SYSTEMPATH\CodeIgniter.php(499): CodeIgniter\CodeIgniter->runController(Object(App\Controllers\Admin))
 9 SYSTEMPATH\CodeIgniter.php(368): CodeIgniter\CodeIgniter->handleRequest(null, Object(Config\Cache), false)
10 FCPATH\index.php(67): CodeIgniter\CodeIgniter->run()
INFO - 2023-09-18 17:43:41 --> Session: Class initialized using 'CodeIgniter\Session\Handlers\FileHandler' driver.
CRITICAL - 2023-09-18 17:43:41 --> Undefined variable: profil_sistem
in APPPATH\Helpers\profil_helper.php on line 7.
 1 APPPATH\Helpers\profil_helper.php(7): CodeIgniter\Debug\Exceptions->errorHandler(8, 'Undefined variable: profil_sistem', 'APPPATH\\Helpers\\profil_helper.php', 7, [])
 2 APPPATH\Views\view_admin\frame\a_layout.php(72): profil_sistem()
 3 SYSTEMPATH\View\View.php(213): include('APPPATH\\Views\\view_admin\\frame\\a_layout.php')
 4 SYSTEMPATH\View\View.php(216): CodeIgniter\View\View->CodeIgniter\View\{closure}()
 5 SYSTEMPATH\View\View.php(229): CodeIgniter\View\View->render('view_admin/frame/a_layout', [], true)
 6 SYSTEMPATH\Common.php(1184): CodeIgniter\View\View->render('view_admin/dashboard', [], true)
 7 APPPATH\Controllers\Admin.php(52): view('view_admin/dashboard', [...])
 8 SYSTEMPATH\CodeIgniter.php(934): App\Controllers\Admin->index()
 9 SYSTEMPATH\CodeIgniter.php(499): CodeIgniter\CodeIgniter->runController(Object(App\Controllers\Admin))
10 SYSTEMPATH\CodeIgniter.php(368): CodeIgniter\CodeIgniter->handleRequest(null, Object(Config\Cache), false)
11 FCPATH\index.php(67): CodeIgniter\CodeIgniter->run()
INFO - 2023-09-18 17:44:13 --> Session: Class initialized using 'CodeIgniter\Session\Handlers\FileHandler' driver.
INFO - 2023-09-18 17:45:21 --> Session: Class initialized using 'CodeIgniter\Session\Handlers\FileHandler' driver.
CRITICAL - 2023-09-18 17:45:21 --> Using $this when not in object context
in APPPATH\Helpers\profil_helper.php on line 4.
 1 SYSTEMPATH\Common.php(665): include_once()
 2 SYSTEMPATH\Controller.php(85): helper([...])
 3 APPPATH\Controllers\_BaseController.php(54): CodeIgniter\Controller->initController(Object(CodeIgniter\HTTP\IncomingRequest), Object(CodeIgniter\HTTP\Response), Object(CodeIgniter\Log\Logger))
 4 SYSTEMPATH\CodeIgniter.php(907): App\Controllers\_BaseController->initController(Object(CodeIgniter\HTTP\IncomingRequest), Object(CodeIgniter\HTTP\Response), Object(CodeIgniter\Log\Logger))
 5 SYSTEMPATH\CodeIgniter.php(490): CodeIgniter\CodeIgniter->createController()
 6 SYSTEMPATH\CodeIgniter.php(368): CodeIgniter\CodeIgniter->handleRequest(null, Object(Config\Cache), false)
 7 FCPATH\index.php(67): CodeIgniter\CodeIgniter->run()
INFO - 2023-09-18 17:54:59 --> Session: Class initialized using 'CodeIgniter\Session\Handlers\FileHandler' driver.
INFO - 2023-09-18 17:55:24 --> Session: Class initialized using 'CodeIgniter\Session\Handlers\FileHandler' driver.
INFO - 2023-09-18 17:55:46 --> Session: Class initialized using 'CodeIgniter\Session\Handlers\FileHandler' driver.
CRITICAL - 2023-09-18 17:55:46 --> Undefined offset: 0
in APPPATH\Views\view_admin\profil_sistem.php on line 12.
 1 APPPATH\Views\view_admin\profil_sistem.php(12): CodeIgniter\Debug\Exceptions->errorHandler(8, 'Undefined offset: 0', 'APPPATH\\Views\\view_admin\\profil_sistem.php', 12, [...])
 2 SYSTEMPATH\View\View.php(213): include('APPPATH\\Views\\view_admin\\profil_sistem.php')
 3 SYSTEMPATH\View\View.php(216): CodeIgniter\View\View->CodeIgniter\View\{closure}()
 4 SYSTEMPATH\Common.php(1184): CodeIgniter\View\View->render('view_admin/profil_sistem', [], true)
 5 APPPATH\Controllers\Admin.php(67): view('view_admin/profil_sistem', [...])
 6 SYSTEMPATH\CodeIgniter.php(934): App\Controllers\Admin->profil_sistem()
 7 SYSTEMPATH\CodeIgniter.php(499): CodeIgniter\CodeIgniter->runController(Object(App\Controllers\Admin))
 8 SYSTEMPATH\CodeIgniter.php(368): CodeIgniter\CodeIgniter->handleRequest(null, Object(Config\Cache), false)
 9 FCPATH\index.php(67): CodeIgniter\CodeIgniter->run()
INFO - 2023-09-18 17:59:20 --> Session: Class initialized using 'CodeIgniter\Session\Handlers\FileHandler' driver.
CRITICAL - 2023-09-18 17:59:20 --> Undefined variable: profil_sistem
in APPPATH\Views\view_admin\profil_sistem.php on line 11.
 1 APPPATH\Views\view_admin\profil_sistem.php(11): CodeIgniter\Debug\Exceptions->errorHandler(8, 'Undefined variable: profil_sistem', 'APPPATH\\Views\\view_admin\\profil_sistem.php', 11, [...])
 2 SYSTEMPATH\View\View.php(213): include('APPPATH\\Views\\view_admin\\profil_sistem.php')
 3 SYSTEMPATH\View\View.php(216): CodeIgniter\View\View->CodeIgniter\View\{closure}()
 4 SYSTEMPATH\Common.php(1184): CodeIgniter\View\View->render('view_admin/profil_sistem', [], true)
 5 APPPATH\Controllers\Admin.php(60): view('view_admin/profil_sistem', [...])
 6 SYSTEMPATH\CodeIgniter.php(934): App\Controllers\Admin->profil_sistem()
 7 SYSTEMPATH\CodeIgniter.php(499): CodeIgniter\CodeIgniter->runController(Object(App\Controllers\Admin))
 8 SYSTEMPATH\CodeIgniter.php(368): CodeIgniter\CodeIgniter->handleRequest(null, Object(Config\Cache), false)
 9 FCPATH\index.php(67): CodeIgniter\CodeIgniter->run()
INFO - 2023-09-18 17:59:40 --> Session: Class initialized using 'CodeIgniter\Session\Handlers\FileHandler' driver.
INFO - 2023-09-18 18:00:07 --> Session: Class initialized using 'CodeIgniter\Session\Handlers\FileHandler' driver.
INFO - 2023-09-18 18:00:30 --> Session: Class initialized using 'CodeIgniter\Session\Handlers\FileHandler' driver.
INFO - 2023-09-18 18:00:38 --> Session: Class initialized using 'CodeIgniter\Session\Handlers\FileHandler' driver.
INFO - 2023-09-18 18:08:55 --> Session: Class initialized using 'CodeIgniter\Session\Handlers\FileHandler' driver.
INFO - 2023-09-18 18:08:59 --> Session: Class initialized using 'CodeIgniter\Session\Handlers\FileHandler' driver.
INFO - 2023-09-18 18:09:00 --> Session: Class initialized using 'CodeIgniter\Session\Handlers\FileHandler' driver.
INFO - 2023-09-18 18:29:42 --> Session: Class initialized using 'CodeIgniter\Session\Handlers\FileHandler' driver.
INFO - 2023-09-18 18:33:22 --> Session: Class initialized using 'CodeIgniter\Session\Handlers\FileHandler' driver.
INFO - 2023-09-18 18:34:47 --> Session: Class initialized using 'CodeIgniter\Session\Handlers\FileHandler' driver.
INFO - 2023-09-18 18:36:42 --> Session: Class initialized using 'CodeIgniter\Session\Handlers\FileHandler' driver.
INFO - 2023-09-18 18:37:19 --> Session: Class initialized using 'CodeIgniter\Session\Handlers\FileHandler' driver.
INFO - 2023-09-18 18:37:28 --> Session: Class initialized using 'CodeIgniter\Session\Handlers\FileHandler' driver.
INFO - 2023-09-18 18:38:22 --> Session: Class initialized using 'CodeIgniter\Session\Handlers\FileHandler' driver.
INFO - 2023-09-18 18:38:38 --> Session: Class initialized using 'CodeIgniter\Session\Handlers\FileHandler' driver.
INFO - 2023-09-18 18:40:39 --> Session: Class initialized using 'CodeIgniter\Session\Handlers\FileHandler' driver.
INFO - 2023-09-18 18:42:55 --> Session: Class initialized using 'CodeIgniter\Session\Handlers\FileHandler' driver.
INFO - 2023-09-18 18:43:06 --> Session: Class initialized using 'CodeIgniter\Session\Handlers\FileHandler' driver.
CRITICAL - 2023-09-18 18:43:06 --> Call to a member function isValid() on null
in APPPATH\Controllers\Admin.php on line 208.
 1 SYSTEMPATH\CodeIgniter.php(934): App\Controllers\Admin->save_profil()
 2 SYSTEMPATH\CodeIgniter.php(499): CodeIgniter\CodeIgniter->runController(Object(App\Controllers\Admin))
 3 SYSTEMPATH\CodeIgniter.php(368): CodeIgniter\CodeIgniter->handleRequest(null, Object(Config\Cache), false)
 4 FCPATH\index.php(67): CodeIgniter\CodeIgniter->run()
INFO - 2023-09-18 18:44:49 --> Session: Class initialized using 'CodeIgniter\Session\Handlers\FileHandler' driver.
INFO - 2023-09-18 18:44:59 --> Session: Class initialized using 'CodeIgniter\Session\Handlers\FileHandler' driver.
CRITICAL - 2023-09-18 18:44:59 --> Undefined index: logo_sis
in APPPATH\Controllers\Admin.php on line 208.
 1 APPPATH\Controllers\Admin.php(208): CodeIgniter\Debug\Exceptions->errorHandler(8, 'Undefined index: logo_sis', 'APPPATH\\Controllers\\Admin.php', 208, [...])
 2 SYSTEMPATH\CodeIgniter.php(934): App\Controllers\Admin->save_profil()
 3 SYSTEMPATH\CodeIgniter.php(499): CodeIgniter\CodeIgniter->runController(Object(App\Controllers\Admin))
 4 SYSTEMPATH\CodeIgniter.php(368): CodeIgniter\CodeIgniter->handleRequest(null, Object(Config\Cache), false)
 5 FCPATH\index.php(67): CodeIgniter\CodeIgniter->run()
INFO - 2023-09-18 18:45:57 --> Session: Class initialized using 'CodeIgniter\Session\Handlers\FileHandler' driver.
INFO - 2023-09-18 18:46:05 --> Session: Class initialized using 'CodeIgniter\Session\Handlers\FileHandler' driver.
CRITICAL - 2023-09-18 18:46:05 --> Undefined variable: ID
in APPPATH\Controllers\Admin.php on line 227.
 1 APPPATH\Controllers\Admin.php(227): CodeIgniter\Debug\Exceptions->errorHandler(8, 'Undefined variable: ID', 'APPPATH\\Controllers\\Admin.php', 227, [...])
 2 SYSTEMPATH\CodeIgniter.php(934): App\Controllers\Admin->save_profil()
 3 SYSTEMPATH\CodeIgniter.php(499): CodeIgniter\CodeIgniter->runController(Object(App\Controllers\Admin))
 4 SYSTEMPATH\CodeIgniter.php(368): CodeIgniter\CodeIgniter->handleRequest(null, Object(Config\Cache), false)
 5 FCPATH\index.php(67): CodeIgniter\CodeIgniter->run()
INFO - 2023-09-18 18:47:19 --> Session: Class initialized using 'CodeIgniter\Session\Handlers\FileHandler' driver.
INFO - 2023-09-18 18:47:27 --> Session: Class initialized using 'CodeIgniter\Session\Handlers\FileHandler' driver.
ERROR - 2023-09-18 18:47:27 --> mysqli_sql_exception: Unknown column 'nama_sistem' in 'field list' in C:\Users\ACER\OneDrive\Dokumen\_SKRIPSI\PROJECT\sistem_sda_gis\framework_sda\system\Database\MySQLi\Connection.php:295
Stack trace:
#0 C:\Users\ACER\OneDrive\Dokumen\_SKRIPSI\PROJECT\sistem_sda_gis\framework_sda\system\Database\MySQLi\Connection.php(295): mysqli->query('UPDATE `kategor...', 0)
#1 C:\Users\ACER\OneDrive\Dokumen\_SKRIPSI\PROJECT\sistem_sda_gis\framework_sda\system\Database\BaseConnection.php(691): CodeIgniter\Database\MySQLi\Connection->execute('UPDATE `kategor...')
#2 C:\Users\ACER\OneDrive\Dokumen\_SKRIPSI\PROJECT\sistem_sda_gis\framework_sda\system\Database\BaseConnection.php(605): CodeIgniter\Database\BaseConnection->simpleQuery('UPDATE `kategor...')
#3 C:\Users\ACER\OneDrive\Dokumen\_SKRIPSI\PROJECT\sistem_sda_gis\framework_sda\system\Database\BaseBuilder.php(2476): CodeIgniter\Database\BaseConnection->query('UPDATE `kategor...', Array, false)
#4 C:\Users\ACER\OneDrive\Dokumen\_SKRIPSI\PROJECT\sistem_sda_gis\framework_sda\system\Model.php(396): CodeIgniter\Database\BaseBuilder->update()
#5 C:\Users\ACER\OneDrive\Dokumen\_SKRIPSI\PROJECT\sistem_sda_gis\framework_sda\system\BaseModel.php(943): CodeIgniter\Model->doUpdate(Array, Array)
#6 C:\Users\ACER\OneDrive\Dokumen\_SKRIPSI\PROJECT\sistem_sda_gis\framework_sda\system\Model.php(756): CodeIgniter\BaseModel->update(Array, Array)
#7 C:\Users\ACER\OneDrive\Dokumen\_SKRIPSI\PROJECT\sistem_sda_gis\framework_sda\system\BaseModel.php(690): CodeIgniter\Model->update('1', Array)
#8 C:\Users\ACER\OneDrive\Dokumen\_SKRIPSI\PROJECT\sistem_sda_gis\framework_sda\app\Controllers\Admin.php(241): CodeIgniter\BaseModel->save(Array)
#9 C:\Users\ACER\OneDrive\Dokumen\_SKRIPSI\PROJECT\sistem_sda_gis\framework_sda\system\CodeIgniter.php(934): App\Controllers\Admin->save_profil()
#10 C:\Users\ACER\OneDrive\Dokumen\_SKRIPSI\PROJECT\sistem_sda_gis\framework_sda\system\CodeIgniter.php(499): CodeIgniter\CodeIgniter->runController(Object(App\Controllers\Admin))
#11 C:\Users\ACER\OneDrive\Dokumen\_SKRIPSI\PROJECT\sistem_sda_gis\framework_sda\system\CodeIgniter.php(368): CodeIgniter\CodeIgniter->handleRequest(NULL, Object(Config\Cache), false)
#12 C:\Users\ACER\OneDrive\Dokumen\_SKRIPSI\PROJECT\sistem_sda_gis\index.php(67): CodeIgniter\CodeIgniter->run()
#13 {main}
CRITICAL - 2023-09-18 18:47:27 --> Unknown column 'nama_sistem' in 'field list'
in SYSTEMPATH\Database\BaseConnection.php on line 645.
 1 SYSTEMPATH\Database\BaseBuilder.php(2476): CodeIgniter\Database\BaseConnection->query('UPDATE `kategori_data` SET `id` = :id:, `nama_sistem` = :nama_sistem:, `logo_sistem` = :logo_sistem:, `nama_provinsi` = :nama_provinsi:, `logo_provinsi` = :logo_provinsi:
WHERE `kategori_data`.`id` IN :kategori_data.id:', [...], false)
 2 SYSTEMPATH\Model.php(396): CodeIgniter\Database\BaseBuilder->update()
 3 SYSTEMPATH\BaseModel.php(943): CodeIgniter\Model->doUpdate([...], [...])
 4 SYSTEMPATH\Model.php(756): CodeIgniter\BaseModel->update([...], [...])
 5 SYSTEMPATH\BaseModel.php(690): CodeIgniter\Model->update('1', [...])
 6 APPPATH\Controllers\Admin.php(241): CodeIgniter\BaseModel->save([...])
 7 SYSTEMPATH\CodeIgniter.php(934): App\Controllers\Admin->save_profil()
 8 SYSTEMPATH\CodeIgniter.php(499): CodeIgniter\CodeIgniter->runController(Object(App\Controllers\Admin))
 9 SYSTEMPATH\CodeIgniter.php(368): CodeIgniter\CodeIgniter->handleRequest(null, Object(Config\Cache), false)
10 FCPATH\index.php(67): CodeIgniter\CodeIgniter->run()
INFO - 2023-09-18 18:48:04 --> Session: Class initialized using 'CodeIgniter\Session\Handlers\FileHandler' driver.
INFO - 2023-09-18 18:48:11 --> Session: Class initialized using 'CodeIgniter\Session\Handlers\FileHandler' driver.
INFO - 2023-09-18 18:48:11 --> Session: Class initialized using 'CodeIgniter\Session\Handlers\FileHandler' driver.
INFO - 2023-09-18 18:48:46 --> Session: Class initialized using 'CodeIgniter\Session\Handlers\FileHandler' driver.
INFO - 2023-09-18 18:48:47 --> Session: Class initialized using 'CodeIgniter\Session\Handlers\FileHandler' driver.
INFO - 2023-09-18 18:48:50 --> Session: Class initialized using 'CodeIgniter\Session\Handlers\FileHandler' driver.
INFO - 2023-09-18 18:48:53 --> Session: Class initialized using 'CodeIgniter\Session\Handlers\FileHandler' driver.
INFO - 2023-09-18 18:48:53 --> Session: Class initialized using 'CodeIgniter\Session\Handlers\FileHandler' driver.
INFO - 2023-09-18 18:53:08 --> Session: Class initialized using 'CodeIgniter\Session\Handlers\FileHandler' driver.
INFO - 2023-09-18 18:53:08 --> Session: Class initialized using 'CodeIgniter\Session\Handlers\FileHandler' driver.
INFO - 2023-09-18 18:53:40 --> Session: Class initialized using 'CodeIgniter\Session\Handlers\FileHandler' driver.
INFO - 2023-09-18 18:53:41 --> Session: Class initialized using 'CodeIgniter\Session\Handlers\FileHandler' driver.
INFO - 2023-09-18 18:53:56 --> Session: Class initialized using 'CodeIgniter\Session\Handlers\FileHandler' driver.
INFO - 2023-09-18 18:54:01 --> Session: Class initialized using 'CodeIgniter\Session\Handlers\FileHandler' driver.
INFO - 2023-09-18 18:54:01 --> Session: Class initialized using 'CodeIgniter\Session\Handlers\FileHandler' driver.
INFO - 2023-09-18 18:55:37 --> Session: Class initialized using 'CodeIgniter\Session\Handlers\FileHandler' driver.
INFO - 2023-09-18 18:55:42 --> Session: Class initialized using 'CodeIgniter\Session\Handlers\FileHandler' driver.
INFO - 2023-09-18 18:55:42 --> Session: Class initialized using 'CodeIgniter\Session\Handlers\FileHandler' driver.
INFO - 2023-09-18 18:55:51 --> Session: Class initialized using 'CodeIgniter\Session\Handlers\FileHandler' driver.
INFO - 2023-09-18 18:55:57 --> Session: Class initialized using 'CodeIgniter\Session\Handlers\FileHandler' driver.
INFO - 2023-09-18 18:55:57 --> Session: Class initialized using 'CodeIgniter\Session\Handlers\FileHandler' driver.
INFO - 2023-09-18 18:56:26 --> Session: Class initialized using 'CodeIgniter\Session\Handlers\FileHandler' driver.
INFO - 2023-09-18 18:56:35 --> Session: Class initialized using 'CodeIgniter\Session\Handlers\FileHandler' driver.
INFO - 2023-09-18 18:56:35 --> Session: Class initialized using 'CodeIgniter\Session\Handlers\FileHandler' driver.
INFO - 2023-09-18 18:56:44 --> Session: Class initialized using 'CodeIgniter\Session\Handlers\FileHandler' driver.
INFO - 2023-09-18 18:56:45 --> Session: Class initialized using 'CodeIgniter\Session\Handlers\FileHandler' driver.
INFO - 2023-09-18 18:58:20 --> Session: Class initialized using 'CodeIgniter\Session\Handlers\FileHandler' driver.
CRITICAL - 2023-09-18 18:58:21 --> unlink(C:\Users\ACER\OneDrive\Dokumen\_SKRIPSI\PROJECT\sistem_sda_gis\uploads\data_provinsi): Is a directory
in APPPATH\Controllers\Admin.php on line 252.
 1 [internal function]: CodeIgniter\Debug\Exceptions->errorHandler(2, 'unlink(C:\\Users\\ACER\\OneDrive\\Dokumen\\_SKRIPSI\\PROJECT\\sistem_sda_gis\\uploads\\data_provinsi): Is a directory', 'APPPATH\\Controllers\\Admin.php', 252, [...])
 2 APPPATH\Controllers\Admin.php(252): unlink('FCPATH\\uploads\\data_provinsi')
 3 SYSTEMPATH\CodeIgniter.php(934): App\Controllers\Admin->save_profil()
 4 SYSTEMPATH\CodeIgniter.php(499): CodeIgniter\CodeIgniter->runController(Object(App\Controllers\Admin))
 5 SYSTEMPATH\CodeIgniter.php(368): CodeIgniter\CodeIgniter->handleRequest(null, Object(Config\Cache), false)
 6 FCPATH\index.php(67): CodeIgniter\CodeIgniter->run()
INFO - 2023-09-18 18:59:02 --> Session: Class initialized using 'CodeIgniter\Session\Handlers\FileHandler' driver.
INFO - 2023-09-18 18:59:07 --> Session: Class initialized using 'CodeIgniter\Session\Handlers\FileHandler' driver.
INFO - 2023-09-18 18:59:07 --> Session: Class initialized using 'CodeIgniter\Session\Handlers\FileHandler' driver.
INFO - 2023-09-18 19:00:06 --> Session: Class initialized using 'CodeIgniter\Session\Handlers\FileHandler' driver.
INFO - 2023-09-18 19:01:23 --> Session: Class initialized using 'CodeIgniter\Session\Handlers\FileHandler' driver.
INFO - 2023-09-18 19:01:23 --> Session: Class initialized using 'CodeIgniter\Session\Handlers\FileHandler' driver.
INFO - 2023-09-18 19:14:01 --> Session: Class initialized using 'CodeIgniter\Session\Handlers\FileHandler' driver.
INFO - 2023-09-18 19:14:20 --> Session: Class initialized using 'CodeIgniter\Session\Handlers\FileHandler' driver.
INFO - 2023-09-18 19:15:35 --> Session: Class initialized using 'CodeIgniter\Session\Handlers\FileHandler' driver.
INFO - 2023-09-18 19:15:39 --> Session: Class initialized using 'CodeIgniter\Session\Handlers\FileHandler' driver.
INFO - 2023-09-18 19:15:39 --> Session: Class initialized using 'CodeIgniter\Session\Handlers\FileHandler' driver.
INFO - 2023-09-18 19:15:46 --> Session: Class initialized using 'CodeIgniter\Session\Handlers\FileHandler' driver.
INFO - 2023-09-18 19:15:46 --> Session: Class initialized using 'CodeIgniter\Session\Handlers\FileHandler' driver.
INFO - 2023-09-18 19:15:51 --> Session: Class initialized using 'CodeIgniter\Session\Handlers\FileHandler' driver.
INFO - 2023-09-18 19:15:53 --> Session: Class initialized using 'CodeIgniter\Session\Handlers\FileHandler' driver.
INFO - 2023-09-18 19:15:55 --> Session: Class initialized using 'CodeIgniter\Session\Handlers\FileHandler' driver.
INFO - 2023-09-18 19:15:56 --> Session: Class initialized using 'CodeIgniter\Session\Handlers\FileHandler' driver.
INFO - 2023-09-18 19:18:52 --> Session: Class initialized using 'CodeIgniter\Session\Handlers\FileHandler' driver.
INFO - 2023-09-18 19:18:54 --> Session: Class initialized using 'CodeIgniter\Session\Handlers\FileHandler' driver.
INFO - 2023-09-18 19:19:04 --> Session: Class initialized using 'CodeIgniter\Session\Handlers\FileHandler' driver.
INFO - 2023-09-18 19:19:05 --> Session: Class initialized using 'CodeIgniter\Session\Handlers\FileHandler' driver.
INFO - 2023-09-18 19:20:37 --> Session: Class initialized using 'CodeIgniter\Session\Handlers\FileHandler' driver.
INFO - 2023-09-18 19:20:45 --> Session: Class initialized using 'CodeIgniter\Session\Handlers\FileHandler' driver.
INFO - 2023-09-18 19:20:46 --> Session: Class initialized using 'CodeIgniter\Session\Handlers\FileHandler' driver.
