CRITICAL - 2023-03-05 06:06:42 --> syntax error, unexpected ''welcome_message);' (T_ENCAPSED_AND_WHITESPACE)
in APPPATH\Controllers\Home.php on line 9.
 1 SYSTEMPATH\Autoloader\Autoloader.php(289): CodeIgniter\Autoloader\Autoloader->includeFile('APPPATH\\Controllers\\Home.php')
 2 SYSTEMPATH\Autoloader\Autoloader.php(267): CodeIgniter\Autoloader\Autoloader->loadInNamespace('App\\Controllers\\Home')
 3 [internal function]: CodeIgniter\Autoloader\Autoloader->loadClass('App\\Controllers\\Home')
 4 [internal function]: spl_autoload_call('App\\Controllers\\Home')
 5 SYSTEMPATH\CodeIgniter.php(892): class_exists('\\App\\Controllers\\Home', true)
 6 SYSTEMPATH\CodeIgniter.php(486): CodeIgniter\CodeIgniter->startController()
 7 SYSTEMPATH\CodeIgniter.php(368): CodeIgniter\CodeIgniter->handleRequest(null, Object(Config\Cache), false)
 8 FCPATH\index.php(67): CodeIgniter\CodeIgniter->run()
 9 SYSTEMPATH\Commands\Server\rewrite.php(47): require_once('FCPATH\\index.php')
CRITICAL - 2023-03-05 08:47:12 --> Invalid file: "view/umum/beranda.php"
in SYSTEMPATH\Exceptions\FrameworkException.php on line 33.
 1 SYSTEMPATH\View\View.php(201): CodeIgniter\Exceptions\FrameworkException::forInvalidFile('view/umum/beranda.php')
 2 SYSTEMPATH\Common.php(1184): CodeIgniter\View\View->render('view/umum/beranda.php', [], true)
 3 APPPATH\Controllers\Home.php(9): view('view/umum/beranda.php')
 4 SYSTEMPATH\CodeIgniter.php(934): App\Controllers\Home->index()
 5 SYSTEMPATH\CodeIgniter.php(499): CodeIgniter\CodeIgniter->runController(Object(App\Controllers\Home))
 6 SYSTEMPATH\CodeIgniter.php(368): CodeIgniter\CodeIgniter->handleRequest(null, Object(Config\Cache), false)
 7 FCPATH\index.php(67): CodeIgniter\CodeIgniter->run()
 8 SYSTEMPATH\Commands\Server\rewrite.php(47): require_once('FCPATH\\index.php')
CRITICAL - 2023-03-05 08:47:39 --> Invalid file: "view/umum/beranda.php"
in SYSTEMPATH\Exceptions\FrameworkException.php on line 33.
 1 SYSTEMPATH\View\View.php(201): CodeIgniter\Exceptions\FrameworkException::forInvalidFile('view/umum/beranda.php')
 2 SYSTEMPATH\Common.php(1184): CodeIgniter\View\View->render('view/umum/beranda', [], true)
 3 APPPATH\Controllers\Home.php(9): view('view/umum/beranda')
 4 SYSTEMPATH\CodeIgniter.php(934): App\Controllers\Home->index()
 5 SYSTEMPATH\CodeIgniter.php(499): CodeIgniter\CodeIgniter->runController(Object(App\Controllers\Home))
 6 SYSTEMPATH\CodeIgniter.php(368): CodeIgniter\CodeIgniter->handleRequest(null, Object(Config\Cache), false)
 7 FCPATH\index.php(67): CodeIgniter\CodeIgniter->run()
 8 SYSTEMPATH\Commands\Server\rewrite.php(47): require_once('FCPATH\\index.php')
CRITICAL - 2023-03-05 08:47:42 --> Invalid file: "view/umum/beranda.php"
in SYSTEMPATH\Exceptions\FrameworkException.php on line 33.
 1 SYSTEMPATH\View\View.php(201): CodeIgniter\Exceptions\FrameworkException::forInvalidFile('view/umum/beranda.php')
 2 SYSTEMPATH\Common.php(1184): CodeIgniter\View\View->render('view/umum/beranda', [], true)
 3 APPPATH\Controllers\Home.php(9): view('view/umum/beranda')
 4 SYSTEMPATH\CodeIgniter.php(934): App\Controllers\Home->index()
 5 SYSTEMPATH\CodeIgniter.php(499): CodeIgniter\CodeIgniter->runController(Object(App\Controllers\Home))
 6 SYSTEMPATH\CodeIgniter.php(368): CodeIgniter\CodeIgniter->handleRequest(null, Object(Config\Cache), false)
 7 FCPATH\index.php(67): CodeIgniter\CodeIgniter->run()
 8 SYSTEMPATH\Commands\Server\rewrite.php(47): require_once('FCPATH\\index.php')
CRITICAL - 2023-03-05 12:03:01 --> Allowed memory size of 536870912 bytes exhausted (tried to allocate 266354688 bytes)
in APPPATH\Views\view_publik\beranda.php on line 7.
 1 [internal function]: CodeIgniter\Debug\Exceptions->shutdownHandler()
CRITICAL - 2023-03-05 12:03:12 --> Allowed memory size of 536870912 bytes exhausted (tried to allocate 266354688 bytes)
in APPPATH\Views\view_publik\beranda.php on line 7.
 1 [internal function]: CodeIgniter\Debug\Exceptions->shutdownHandler()
